
          -------------------------------------------------------
          Amber 21 SANDER                              2021
          -------------------------------------------------------

| Run on 10/21/2021 at 15:21:47

|   Executable path: /home/emanuele/chemical_software/amber20/bin/sander.MPI
| Working directory: /home/emanuele/Postdoc_Pisa/results/force_field/test_xforce/water/xforce_amber
|          Hostname: Unknown
  [-O]verwriting output

File Assignments:
|  MDIN: 01_Min.in                                                             
| MDOUT: 01_Min.out                                                            
|INPCRD: wat.inpcrd                                                            
|  PARM: wat.prmtop                                                            
|RESTRT: 01_Min.ncrst                                                          
|  REFC: refc                                                                  
| MDVEL: mdvel                                                                 
| MDFRC: mdfrc                                                                 
|  MDEN: mden                                                                  
| MDCRD: mdcrd                                                                 
|MDINFO: 01_Min.mdinfo                                                         
|  MTMD: mtmd                                                                  
|INPDIP: inpdip                                                                
|RSTDIP: rstdip                                                                
|INPTRA: inptraj                                                               

|    REMLOG: rem.log
|   REMTYPE: rem.type
|  REMSTRIP: 
|   SAVEENE: saveene
|CLUSTERINF: cluster.info
| RESERVOIR: reserv/frame
|   REMDDIM: 


 Here is the input file:

Minimize                                                                       
 &cntrl                                                                        
  imin=1,                                                                      
  ntx=1,                                                                       
  irest=0,                                                                     
  maxcyc=2000,                                                                 
  ncyc=1000,                                                                   
  ntpr=100,                                                                    
  ntwx=5,                                                                      
  cut=8.0,                                                                     
 /                                                                             

--------------------------------------------------------------------------------
   1.  RESOURCE   USE: 
--------------------------------------------------------------------------------

| Flags: MPI                                                                    
 getting new box info from bottom of inpcrd
|  INFO: Old style inpcrd file read

| peek_ewald_inpcrd: Box info found
|Largest sphere to fit in unit cell has radius =    15.138
| New format PARM file being parsed.
| Version =    1.000 Date = 10/21/21 Time = 15:03:21
 NATOM  =    1806 NTYPES =       2 NBONH =    1805 MBONA  =       0
 NTHETH =       0 MTHETA =       0 NPHIH =       0 MPHIA  =       0
 NHPARM =       0 NPARM  =       0 NNB   =    2408 NRES   =     602
 NBONA  =       0 NTHETA =       0 NPHIA =       0 NUMBND =       2
 NUMANG =       0 NPTRA  =       0 NATYP =       2 NPHB   =       0
 IFBOX  =       1 NMXRS  =       3 IFCAP =       0 NEXTRA =       0
 NCOPY  =       0


|     Memory Use     Allocated
|     Real              932946
|     Hollerith           6022
|     Integer            60940
|     Max Pairs         301000
|     nblistReal         21672
|     nblist Int         90885
|       Total             9250 kbytes

| Note: 1-4 EEL scale factors are being read from the topology file.

| Note: 1-4 VDW scale factors are being read from the topology file.
| Duplicated    0 dihedrals
| Duplicated    0 dihedrals

     BOX TYPE: RECTILINEAR

--------------------------------------------------------------------------------
   2.  CONTROL  DATA  FOR  THE  RUN
--------------------------------------------------------------------------------

default_name                                                                    

General flags:
     imin    =       1, nmropt  =       0

Nature and format of input:
     ntx     =       1, irest   =       0, ntrx    =       1

Nature and format of output:
     ntxo    =       2, ntpr    =     100, ntrx    =       1, ntwr    =       1
     iwrap   =       0, ntwx    =       5, ntwv    =       0, ntwe    =       0
     ioutfm  =       1, ntwprt  =       0, idecomp =       0, rbornstat=      0

Potential function:
     ntf     =       1, ntb     =       1, igb     =       0, nsnb    =      25
     ipol    =       0, gbsa    =       0, iesp    =       0
     dielc   =   1.00000, cut     =   8.00000, intdiel =   1.00000

Frozen or restrained atoms:
     ibelly  =       0, ntr     =       0

Energy minimization:
     maxcyc  =    2000, ncyc    =    1000, ntmin   =       1
     dx0     =   0.01000, drms    =   0.00010

Ewald parameters:
     verbose =       0, ew_type =       0, nbflag  =       1, use_pme =       1
     vdwmeth =       1, eedmeth =       1, netfrc  =       0
     Box X =   30.975   Box Y =   30.511   Box Z =   30.276
     Alpha =   90.000   Beta  =   90.000   Gamma =   90.000
     NFFT1 =   30       NFFT2 =   30       NFFT3 =   30
     Cutoff=    8.000   Tol   =0.100E-04
     Ewald Coefficient =  0.34864
     Interpolation order =    4

| MPI Timing options:
|      profile_mpi =        0

--------------------------------------------------------------------------------
   3.  ATOMIC COORDINATES AND VELOCITIES
--------------------------------------------------------------------------------

default_name                                                                    
 begin time read from input coords =     0.000 ps

 Number of triangulated 3-point waters found:      601
|  Atom division among processors:
|         0     453     903    1353    1806

     Sum of charges from parm topology file =  -0.00000000
     Forcing neutrality...
|  Running AMBER/MPI version on    4 nodes


--------------------------------------------------------------------------------
   4.  RESULTS
--------------------------------------------------------------------------------

 ---------------------------------------------------
 APPROXIMATING switch and d/dx switch using CUBIC SPLINE INTERPOLATION
 using   5000.0 points per unit in tabled values
 TESTING RELATIVE ERROR over r ranging from 0.0 to cutoff
| CHECK switch(x): max rel err =   0.2738E-14   at   2.422500
| CHECK d/dx switch(x): max rel err =   0.8332E-11   at   2.782960
 ---------------------------------------------------
| Local SIZE OF NONBOND LIST =      80332
| TOTAL SIZE OF NONBOND LIST =     256434


   NSTEP       ENERGY          RMS            GMAX         NAME    NUMBER
      1      -4.5316E+03     1.1632E+01     4.2408E+01     O        1330

 BOND    =        0.4019  ANGLE   =        0.0000  DIHED      =        0.0000
 VDWAALS =      582.1369  EEL     =    -5114.0975  HBOND      =        0.0000
 1-4 VDW =        0.0000  1-4 EEL =        0.0000  RESTRAINT  =        0.0000


   NSTEP       ENERGY          RMS            GMAX         NAME    NUMBER
    100      -5.7779E+03     2.3772E+00     9.8928E+00     H1       1169

 BOND    =      309.1216  ANGLE   =        0.0000  DIHED      =        0.0000
 VDWAALS =      670.7189  EEL     =    -6757.6938  HBOND      =        0.0000
 1-4 VDW =        0.0000  1-4 EEL =        0.0000  RESTRAINT  =        0.0000


   NSTEP       ENERGY          RMS            GMAX         NAME    NUMBER
    200      -6.0132E+03     2.0218E+00     1.0467E+01     H2        651

 BOND    =      400.0051  ANGLE   =        0.0000  DIHED      =        0.0000
 VDWAALS =      786.8800  EEL     =    -7200.1323  HBOND      =        0.0000
 1-4 VDW =        0.0000  1-4 EEL =        0.0000  RESTRAINT  =        0.0000


   NSTEP       ENERGY          RMS            GMAX         NAME    NUMBER
    300      -6.1593E+03     1.7477E+00     9.4133E+00     H1        638

 BOND    =      370.2616  ANGLE   =        0.0000  DIHED      =        0.0000
 VDWAALS =      881.0872  EEL     =    -7410.6070  HBOND      =        0.0000
 1-4 VDW =        0.0000  1-4 EEL =        0.0000  RESTRAINT  =        0.0000


   NSTEP       ENERGY          RMS            GMAX         NAME    NUMBER
    400      -6.2651E+03     1.4972E+00     1.4522E+01     O1          1

 BOND    =      432.6588  ANGLE   =        0.0000  DIHED      =        0.0000
 VDWAALS =      959.9139  EEL     =    -7657.6478  HBOND      =        0.0000
 1-4 VDW =        0.0000  1-4 EEL =        0.0000  RESTRAINT  =        0.0000


   NSTEP       ENERGY          RMS            GMAX         NAME    NUMBER
    500      -6.3502E+03     1.3307E+00     5.2970E+01     O1          1

 BOND    =      417.8481  ANGLE   =        0.0000  DIHED      =        0.0000
 VDWAALS =     1026.5533  EEL     =    -7794.6205  HBOND      =        0.0000
 1-4 VDW =        0.0000  1-4 EEL =        0.0000  RESTRAINT  =        0.0000


   NSTEP       ENERGY          RMS            GMAX         NAME    NUMBER
    600      -6.4238E+03     1.0441E+00     4.6855E+01     O1          1

 BOND    =      440.0072  ANGLE   =        0.0000  DIHED      =        0.0000
 VDWAALS =     1082.1172  EEL     =    -7945.8820  HBOND      =        0.0000
 1-4 VDW =        0.0000  1-4 EEL =        0.0000  RESTRAINT  =        0.0000


   NSTEP       ENERGY          RMS            GMAX         NAME    NUMBER
    700      -6.4899E+03     5.0825E-01     1.6061E+01     O1          1

 BOND    =      450.7675  ANGLE   =        0.0000  DIHED      =        0.0000
 VDWAALS =     1131.7011  EEL     =    -8072.3552  HBOND      =        0.0000
 1-4 VDW =        0.0000  1-4 EEL =        0.0000  RESTRAINT  =        0.0000


   NSTEP       ENERGY          RMS            GMAX         NAME    NUMBER
    800      -6.5484E+03     7.3463E-01     2.9040E+01     O1          1

 BOND    =      461.3948  ANGLE   =        0.0000  DIHED      =        0.0000
 VDWAALS =     1177.7840  EEL     =    -8187.5506  HBOND      =        0.0000
 1-4 VDW =        0.0000  1-4 EEL =        0.0000  RESTRAINT  =        0.0000


   NSTEP       ENERGY          RMS            GMAX         NAME    NUMBER
    900      -6.5998E+03     3.3609E-01     4.5456E+00     O1          1

 BOND    =      470.4606  ANGLE   =        0.0000  DIHED      =        0.0000
 VDWAALS =     1220.5963  EEL     =    -8290.8662  HBOND      =        0.0000
 1-4 VDW =        0.0000  1-4 EEL =        0.0000  RESTRAINT  =        0.0000


   NSTEP       ENERGY          RMS            GMAX         NAME    NUMBER
   1000      -6.6451E+03     4.4565E-01     1.3377E+01     O1          1

 BOND    =      478.9974  ANGLE   =        0.0000  DIHED      =        0.0000
 VDWAALS =     1259.6009  EEL     =    -8383.6988  HBOND      =        0.0000
 1-4 VDW =        0.0000  1-4 EEL =        0.0000  RESTRAINT  =        0.0000


   NSTEP       ENERGY          RMS            GMAX         NAME    NUMBER
   1100      -6.8443E+03     6.4686E-01     8.8911E+00     H1          2

 BOND    =      528.0870  ANGLE   =        0.0000  DIHED      =        0.0000
 VDWAALS =     1473.9924  EEL     =    -8846.3626  HBOND      =        0.0000
 1-4 VDW =        0.0000  1-4 EEL =        0.0000  RESTRAINT  =        0.0000


   NSTEP       ENERGY          RMS            GMAX         NAME    NUMBER
   1200      -6.9243E+03     6.0721E-01     6.2379E+00     O        1396

 BOND    =      541.0190  ANGLE   =        0.0000  DIHED      =        0.0000
 VDWAALS =     1537.2789  EEL     =    -9002.5652  HBOND      =        0.0000
 1-4 VDW =        0.0000  1-4 EEL =        0.0000  RESTRAINT  =        0.0000


   NSTEP       ENERGY          RMS            GMAX         NAME    NUMBER
   1300      -6.9835E+03     5.0679E-01     1.1493E+01     H2          3

 BOND    =      549.0985  ANGLE   =        0.0000  DIHED      =        0.0000
 VDWAALS =     1577.5618  EEL     =    -9110.1344  HBOND      =        0.0000
 1-4 VDW =        0.0000  1-4 EEL =        0.0000  RESTRAINT  =        0.0000


   NSTEP       ENERGY          RMS            GMAX         NAME    NUMBER
   1400      -7.0297E+03     4.1973E-01     7.1037E+00     O          28

 BOND    =      557.0419  ANGLE   =        0.0000  DIHED      =        0.0000
 VDWAALS =     1608.8213  EEL     =    -9195.5946  HBOND      =        0.0000
 1-4 VDW =        0.0000  1-4 EEL =        0.0000  RESTRAINT  =        0.0000


   NSTEP       ENERGY          RMS            GMAX         NAME    NUMBER
   1500      -7.0924E+03     4.9100E-01     8.3419E+00     H2       1581

 BOND    =      567.0348  ANGLE   =        0.0000  DIHED      =        0.0000
 VDWAALS =     1634.3493  EEL     =    -9293.7640  HBOND      =        0.0000
 1-4 VDW =        0.0000  1-4 EEL =        0.0000  RESTRAINT  =        0.0000


   NSTEP       ENERGY          RMS            GMAX         NAME    NUMBER
   1600      -7.1217E+03     6.1590E-01     8.6435E+00     O          28

 BOND    =      572.1657  ANGLE   =        0.0000  DIHED      =        0.0000
 VDWAALS =     1658.7386  EEL     =    -9352.5784  HBOND      =        0.0000
 1-4 VDW =        0.0000  1-4 EEL =        0.0000  RESTRAINT  =        0.0000


   NSTEP       ENERGY          RMS            GMAX         NAME    NUMBER
   1700      -7.1480E+03     1.5537E+00     2.4595E+01     O          28

 BOND    =      584.3643  ANGLE   =        0.0000  DIHED      =        0.0000
 VDWAALS =     1688.5893  EEL     =    -9420.9451  HBOND      =        0.0000
 1-4 VDW =        0.0000  1-4 EEL =        0.0000  RESTRAINT  =        0.0000


   NSTEP       ENERGY          RMS            GMAX         NAME    NUMBER
   1800      -7.1886E+03     9.4669E-01     2.6596E+01     H1          2

 BOND    =      585.7668  ANGLE   =        0.0000  DIHED      =        0.0000
 VDWAALS =     1719.6087  EEL     =    -9493.9727  HBOND      =        0.0000
 1-4 VDW =        0.0000  1-4 EEL =        0.0000  RESTRAINT  =        0.0000


   NSTEP       ENERGY          RMS            GMAX         NAME    NUMBER
   1900      -7.2141E+03     7.1142E-01     1.1084E+01     H1        386

 BOND    =      593.5411  ANGLE   =        0.0000  DIHED      =        0.0000
 VDWAALS =     1741.9636  EEL     =    -9549.6457  HBOND      =        0.0000
 1-4 VDW =        0.0000  1-4 EEL =        0.0000  RESTRAINT  =        0.0000


   NSTEP       ENERGY          RMS            GMAX         NAME    NUMBER
   2000      -7.2340E+03     3.4743E-01     5.7598E+00     H1       1463

 BOND    =      596.1991  ANGLE   =        0.0000  DIHED      =        0.0000
 VDWAALS =     1752.5873  EEL     =    -9582.8187  HBOND      =        0.0000
 1-4 VDW =        0.0000  1-4 EEL =        0.0000  RESTRAINT  =        0.0000


  Maximum number of minimization cycles reached.


                    FINAL RESULTS



   NSTEP       ENERGY          RMS            GMAX         NAME    NUMBER
   2000      -7.2340E+03     3.4743E-01     5.7598E+00     H1       1463

 BOND    =      596.1991  ANGLE   =        0.0000  DIHED      =        0.0000
 VDWAALS =     1752.5873  EEL     =    -9582.8187  HBOND      =        0.0000
 1-4 VDW =        0.0000  1-4 EEL =        0.0000  RESTRAINT  =        0.0000

--------------------------------------------------------------------------------
   5.  TIMINGS
--------------------------------------------------------------------------------

|    Read coords time           0.00 ( 0.04% of Total)
|                Build the list             0.02 (57.12% of List )
|                Other                      0.01 (42.88% of List )
|             List time                  0.03 ( 0.73% of Nonbo)
|                   Short_ene time             3.20 (97.61% of Direc)
|                   Other                      0.08 ( 2.39% of Direc)
|                Direct Ewald time          3.28 (72.93% of Ewald)
|                Adjust Ewald time          0.02 ( 0.55% of Ewald)
|                Self Ewald time            0.00 ( 0.01% of Ewald)
|                   Fill Bspline coeffs        0.08 ( 7.70% of Recip)
|                   Fill charge grid           0.13 (12.14% of Recip)
|                   Scalar sum                 0.17 (16.60% of Recip)
|                   Grad sum                   0.25 (23.85% of Recip)
|                      FFT back comm time         0.05 (11.18% of FFT t)
|                      Other                      0.37 (88.82% of FFT t)
|                   FFT time                   0.41 (39.13% of Recip)
|                   Other                      0.01 ( 0.58% of Recip)
|                Recip Ewald time           1.05 (23.40% of Ewald)
|                Force Adjust               0.12 ( 2.62% of Ewald)
|                Virial junk                0.02 ( 0.42% of Ewald)
|                Other                      0.00 ( 0.08% of Ewald)
|             Ewald time                 4.50 (99.25% of Nonbo)
|             IPS excludes               0.00 ( 0.01% of Nonbo)
|             Other                      0.00 ( 0.01% of Nonbo)
|          Nonbond force              4.53 (98.07% of Force)
|          Bond/Angle/Dihedral        0.01 ( 0.27% of Force)
|          FRC Collect time           0.05 ( 1.14% of Force)
|          Other                      0.02 ( 0.52% of Force)
|       Force time                 4.62 (100.0% of Runmd)
|    Runmd Time                 4.62 (93.51% of Total)
|    Other                      0.32 ( 6.45% of Total)
| Total time                 4.94 (100.0% of ALL  )

| Highest rstack allocated:      44926
| Highest istack allocated:        882
|           Job began  at 15:21:47.036  on 10/21/2021
|           Setup done at 15:21:47.061  on 10/21/2021
|           Run   done at 15:21:51.980  on 10/21/2021
|     wallclock() was called   88072 times

|3D-RISM memory allocation summary
|Type          Maximum        Current   
|Integer       0.00000 GB     0.00000 GB
|Real          0.00000 GB     0.00000 GB
|Logical       0.00000 GB     0.00000 GB
|Character     0.00000 GB     0.00000 GB
|---------------------------------------
|Total         0.00000 GB     0.00000 GB
