
          -------------------------------------------------------
          Amber 21 SANDER                              2021
          -------------------------------------------------------

| Run on 10/21/2021 at 15:21:52

|   Executable path: /home/emanuele/chemical_software/amber20/bin/sander.MPI
| Working directory: /home/emanuele/Postdoc_Pisa/results/force_field/test_xforce/water/xforce_amber
|          Hostname: Unknown
  [-O]verwriting output

File Assignments:
|  MDIN: 02_Heat.in                                                            
| MDOUT: 02_Heat.out                                                           
|INPCRD: 01_Min.ncrst                                                          
|  PARM: wat.prmtop                                                            
|RESTRT: 02_Heat.ncrst                                                         
|  REFC: refc                                                                  
| MDVEL: mdvel                                                                 
| MDFRC: mdfrc                                                                 
|  MDEN: mden                                                                  
| MDCRD: 02_Heat.nc                                                            
|MDINFO: 02_Heat.mdinfo                                                        
|  MTMD: mtmd                                                                  
|INPDIP: inpdip                                                                
|RSTDIP: rstdip                                                                
|INPTRA: inptraj                                                               

|    REMLOG: rem.log
|   REMTYPE: rem.type
|  REMSTRIP: 
|   SAVEENE: saveene
|CLUSTERINF: cluster.info
| RESERVOIR: reserv/frame
|   REMDDIM: 


 Here is the input file:

Heat                                                                           
 &cntrl                                                                        
  imin=0,                                                                      
  ntx=1,                                                                       
  irest=0,                                                                     
  nstlim=10000,                                                                
  dt=0.002,                                                                    
  ntf=2,                                                                       
  ntc=2,                                                                       
  tempi=0.0,                                                                   
  temp0=300.0,                                                                 
  ntpr=100,                                                                    
  ntwx=100,                                                                    
  cut=8.0,                                                                     
  ntb=1,                                                                       
  ntp=0,                                                                       
  ntt=3,                                                                       
  gamma_ln=2.0,                                                                
  nmropt=1,                                                                    
  ig=-1,                                                                       
 /                                                                             
&wt type='TEMP0', istep1=0, istep2=9000, value1=0.0, value2=300.0 /            
&wt type='TEMP0', istep1=9001, istep2=10000, value1=300.0, value2=300.0 /      
&wt type='END' /                                                               

--------------------------------------------------------------------------------
   1.  RESOURCE   USE: 
--------------------------------------------------------------------------------

| Flags: MPI                                                                    
 getting box info from netcdf restart file
| NetCDF restart box info found
|Largest sphere to fit in unit cell has radius =    15.138
| New format PARM file being parsed.
| Version =    1.000 Date = 10/21/21 Time = 15:03:21
 NATOM  =    1806 NTYPES =       2 NBONH =    1805 MBONA  =       0
 NTHETH =       0 MTHETA =       0 NPHIH =       0 MPHIA  =       0
 NHPARM =       0 NPARM  =       0 NNB   =    2408 NRES   =     602
 NBONA  =       0 NTHETA =       0 NPHIA =       0 NUMBND =       2
 NUMANG =       0 NPTRA  =       0 NATYP =       2 NPHB   =       0
 IFBOX  =       1 NMXRS  =       3 IFCAP =       0 NEXTRA =       0
 NCOPY  =       0


|     Memory Use     Allocated
|     Real              711305
|     Hollerith           6022
|     Integer            60990
|     Max Pairs         301000
|     nblistReal         21672
|     nblist Int         90885
|       Total             7518 kbytes

| Note: 1-4 EEL scale factors are being read from the topology file.

| Note: 1-4 VDW scale factors are being read from the topology file.
| Duplicated    0 dihedrals
| Duplicated    0 dihedrals

     BOX TYPE: RECTILINEAR
Note: ig = -1. Setting random seed to    24719 based on wallclock time in microseconds
      and disabling the synchronization of random numbers between tasks
      to improve performance.

--------------------------------------------------------------------------------
   2.  CONTROL  DATA  FOR  THE  RUN
--------------------------------------------------------------------------------

default_name                                                                    

General flags:
     imin    =       0, nmropt  =       1

Nature and format of input:
     ntx     =       1, irest   =       0, ntrx    =       1

Nature and format of output:
     ntxo    =       2, ntpr    =     100, ntrx    =       1, ntwr    =   10000
     iwrap   =       0, ntwx    =     100, ntwv    =       0, ntwe    =       0
     ioutfm  =       1, ntwprt  =       0, idecomp =       0, rbornstat=      0

Potential function:
     ntf     =       2, ntb     =       1, igb     =       0, nsnb    =      25
     ipol    =       0, gbsa    =       0, iesp    =       0
     dielc   =   1.00000, cut     =   8.00000, intdiel =   1.00000

Frozen or restrained atoms:
     ibelly  =       0, ntr     =       0

Molecular dynamics:
     nstlim  =     10000, nscm    =      1000, nrespa  =         1
     t       =   0.00000, dt      =   0.00200, vlimit  =  20.00000

Langevin dynamics temperature regulation:
     ig      =   24719
     temp0   = 300.00000, tempi   =   0.00000, gamma_ln=   2.00000

SHAKE:
     ntc     =       2, jfastw  =       0
     tol     =   0.00001

NMR refinement options:
     iscale  =       0, noeskp  =       1, ipnlty  =       1, mxsub   =       1
     scalm   = 100.00000, pencut  =   0.10000, tausw   =   0.10000

Ewald parameters:
     verbose =       0, ew_type =       0, nbflag  =       1, use_pme =       1
     vdwmeth =       1, eedmeth =       1, netfrc  =       1
     Box X =   30.975   Box Y =   30.511   Box Z =   30.276
     Alpha =   90.000   Beta  =   90.000   Gamma =   90.000
     NFFT1 =   30       NFFT2 =   30       NFFT3 =   30
     Cutoff=    8.000   Tol   =0.100E-04
     Ewald Coefficient =  0.34864
     Interpolation order =    4

| MPI Timing options:
|      profile_mpi =        0
|  INFO: Old style inpcrd file read


--------------------------------------------------------------------------------
   3.  ATOMIC COORDINATES AND VELOCITIES
--------------------------------------------------------------------------------

default_name                                                                    
 begin time read from input coords =     0.000 ps



           Begin reading energy term weight changes/NMR restraints
 WEIGHT CHANGES:
 TEMP0         0   9000    0.000000  300.000000      0      0
 TEMP0      9001  10000  300.000000  300.000000      0      0

 RESTRAINTS:
                          ** No restraint defined **

                  Done reading weight changes/NMR restraints


 Number of triangulated 3-point waters found:      601
|  Atom division among processors:
|         0     453     903    1353    1806

     Sum of charges from parm topology file =  -0.00000000
     Forcing neutrality...
|  Running AMBER/MPI version on    4 nodes


--------------------------------------------------------------------------------
   4.  RESULTS
--------------------------------------------------------------------------------

|  # of SOLUTE  degrees of freedom (RNDFP):    3613.
|  # of SOLVENT degrees of freedom (RNDFS):       0.
|  NDFMIN =    3613.     NUM_NOSHAKE =      0     CORRECTED RNDFP =    3613.
|  TOTAL # of degrees of freedom (RNDF) =    3613.
 ---------------------------------------------------
 APPROXIMATING switch and d/dx switch using CUBIC SPLINE INTERPOLATION
 using   5000.0 points per unit in tabled values
 TESTING RELATIVE ERROR over r ranging from 0.0 to cutoff
| CHECK switch(x): max rel err =   0.2738E-14   at   2.422500
| CHECK d/dx switch(x): max rel err =   0.8332E-11   at   2.782960
 ---------------------------------------------------
| Local SIZE OF NONBOND LIST =      86526
| TOTAL SIZE OF NONBOND LIST =     271882

 NSTEP =        0   TIME(PS) =       0.000  TEMP(K) =     0.00  PRESS =     0.0
 Etot   =     -7830.2315  EKtot   =         0.0000  EPtot      =     -7830.2315
 BOND   =         0.0000  ANGLE   =         0.0000  DIHED      =         0.0000
 1-4 NB =         0.0000  1-4 EEL =         0.0000  VDWAALS    =      1752.5873
 EELEC  =     -9582.8187  EHBOND  =         0.0000  RESTRAINT  =         0.0000
 Ewald error estimate:   0.3007E-03
 ------------------------------------------------------------------------------

 NMR restraints: Bond =    0.000   Angle =     0.000   Torsion =     0.000
===============================================================================

 NSTEP =      100   TIME(PS) =       0.200  TEMP(K) =     8.07  PRESS =     0.0
 Etot   =     -6649.2311  EKtot   =        28.9742  EPtot      =     -6678.2053
 BOND   =         0.0000  ANGLE   =         0.0000  DIHED      =         0.0000
 1-4 NB =         0.0000  1-4 EEL =         0.0000  VDWAALS    =      1304.9257
 EELEC  =     -7983.1310  EHBOND  =         0.0000  RESTRAINT  =         0.0000
 Ewald error estimate:   0.1951E-03
 ------------------------------------------------------------------------------

 NMR restraints: Bond =    0.000   Angle =     0.000   Torsion =     0.000
===============================================================================

 NSTEP =      200   TIME(PS) =       0.400  TEMP(K) =    10.75  PRESS =     0.0
 Etot   =     -6663.7956  EKtot   =        38.5794  EPtot      =     -6702.3750
 BOND   =         0.0000  ANGLE   =         0.0000  DIHED      =         0.0000
 1-4 NB =         0.0000  1-4 EEL =         0.0000  VDWAALS    =      1418.1490
 EELEC  =     -8120.5240  EHBOND  =         0.0000  RESTRAINT  =         0.0000
 Ewald error estimate:   0.1522E-03
 ------------------------------------------------------------------------------

 NMR restraints: Bond =    0.000   Angle =     0.000   Torsion =     0.000
===============================================================================

 NSTEP =      300   TIME(PS) =       0.600  TEMP(K) =    11.49  PRESS =     0.0
 Etot   =     -6672.6851  EKtot   =        41.2430  EPtot      =     -6713.9280
 BOND   =         0.0000  ANGLE   =         0.0000  DIHED      =         0.0000
 1-4 NB =         0.0000  1-4 EEL =         0.0000  VDWAALS    =      1412.1149
 EELEC  =     -8126.0429  EHBOND  =         0.0000  RESTRAINT  =         0.0000
 Ewald error estimate:   0.2637E-03
 ------------------------------------------------------------------------------

 NMR restraints: Bond =    0.000   Angle =     0.000   Torsion =     0.000
===============================================================================

 NSTEP =      400   TIME(PS) =       0.800  TEMP(K) =    13.21  PRESS =     0.0
 Etot   =     -6675.6413  EKtot   =        47.4058  EPtot      =     -6723.0471
 BOND   =         0.0000  ANGLE   =         0.0000  DIHED      =         0.0000
 1-4 NB =         0.0000  1-4 EEL =         0.0000  VDWAALS    =      1413.9771
 EELEC  =     -8137.0242  EHBOND  =         0.0000  RESTRAINT  =         0.0000
 Ewald error estimate:   0.5072E-03
 ------------------------------------------------------------------------------

 NMR restraints: Bond =    0.000   Angle =     0.000   Torsion =     0.000
===============================================================================

 NSTEP =      500   TIME(PS) =       1.000  TEMP(K) =    15.61  PRESS =     0.0
 Etot   =     -6674.7755  EKtot   =        56.0234  EPtot      =     -6730.7988
 BOND   =         0.0000  ANGLE   =         0.0000  DIHED      =         0.0000
 1-4 NB =         0.0000  1-4 EEL =         0.0000  VDWAALS    =      1423.4306
 EELEC  =     -8154.2294  EHBOND  =         0.0000  RESTRAINT  =         0.0000
 Ewald error estimate:   0.5884E-03
 ------------------------------------------------------------------------------

 NMR restraints: Bond =    0.000   Angle =     0.000   Torsion =     0.000
===============================================================================

 NSTEP =      600   TIME(PS) =       1.200  TEMP(K) =    18.97  PRESS =     0.0
 Etot   =     -6675.0615  EKtot   =        68.0949  EPtot      =     -6743.1563
 BOND   =         0.0000  ANGLE   =         0.0000  DIHED      =         0.0000
 1-4 NB =         0.0000  1-4 EEL =         0.0000  VDWAALS    =      1407.6259
 EELEC  =     -8150.7822  EHBOND  =         0.0000  RESTRAINT  =         0.0000
 Ewald error estimate:   0.5865E-03
 ------------------------------------------------------------------------------

 NMR restraints: Bond =    0.000   Angle =     0.000   Torsion =     0.000
===============================================================================

 NSTEP =      700   TIME(PS) =       1.400  TEMP(K) =    20.23  PRESS =     0.0
 Etot   =     -6667.5623  EKtot   =        72.6331  EPtot      =     -6740.1954
 BOND   =         0.0000  ANGLE   =         0.0000  DIHED      =         0.0000
 1-4 NB =         0.0000  1-4 EEL =         0.0000  VDWAALS    =      1408.2186
 EELEC  =     -8148.4140  EHBOND  =         0.0000  RESTRAINT  =         0.0000
 Ewald error estimate:   0.5891E-03
 ------------------------------------------------------------------------------

 NMR restraints: Bond =    0.000   Angle =     0.000   Torsion =     0.000
===============================================================================

 NSTEP =      800   TIME(PS) =       1.600  TEMP(K) =    21.63  PRESS =     0.0
 Etot   =     -6660.4651  EKtot   =        77.6332  EPtot      =     -6738.0983
 BOND   =         0.0000  ANGLE   =         0.0000  DIHED      =         0.0000
 1-4 NB =         0.0000  1-4 EEL =         0.0000  VDWAALS    =      1423.9272
 EELEC  =     -8162.0255  EHBOND  =         0.0000  RESTRAINT  =         0.0000
 Ewald error estimate:   0.6506E-04
 ------------------------------------------------------------------------------

 NMR restraints: Bond =    0.000   Angle =     0.000   Torsion =     0.000
===============================================================================

 NSTEP =      900   TIME(PS) =       1.800  TEMP(K) =    24.96  PRESS =     0.0
 Etot   =     -6647.1599  EKtot   =        89.6050  EPtot      =     -6736.7649
 BOND   =         0.0000  ANGLE   =         0.0000  DIHED      =         0.0000
 1-4 NB =         0.0000  1-4 EEL =         0.0000  VDWAALS    =      1411.9883
 EELEC  =     -8148.7532  EHBOND  =         0.0000  RESTRAINT  =         0.0000
 Ewald error estimate:   0.3300E-03
 ------------------------------------------------------------------------------

 NMR restraints: Bond =    0.000   Angle =     0.000   Torsion =     0.000
===============================================================================

 NSTEP =     1000   TIME(PS) =       2.000  TEMP(K) =    28.04  PRESS =     0.0
 Etot   =     -6628.4601  EKtot   =       100.6765  EPtot      =     -6729.1365
 BOND   =         0.0000  ANGLE   =         0.0000  DIHED      =         0.0000
 1-4 NB =         0.0000  1-4 EEL =         0.0000  VDWAALS    =      1369.6853
 EELEC  =     -8098.8218  EHBOND  =         0.0000  RESTRAINT  =         0.0000
 Ewald error estimate:   0.3932E-03
 ------------------------------------------------------------------------------

 NMR restraints: Bond =    0.000   Angle =     0.000   Torsion =     0.000
===============================================================================

 NSTEP =     1100   TIME(PS) =       2.200  TEMP(K) =    31.14  PRESS =     0.0
 Etot   =     -6616.4779  EKtot   =       111.7854  EPtot      =     -6728.2632
 BOND   =         0.0000  ANGLE   =         0.0000  DIHED      =         0.0000
 1-4 NB =         0.0000  1-4 EEL =         0.0000  VDWAALS    =      1396.7307
 EELEC  =     -8124.9939  EHBOND  =         0.0000  RESTRAINT  =         0.0000
 Ewald error estimate:   0.2309E-03
 ------------------------------------------------------------------------------

 NMR restraints: Bond =    0.000   Angle =     0.000   Torsion =     0.000
===============================================================================

 NSTEP =     1200   TIME(PS) =       2.400  TEMP(K) =    34.35  PRESS =     0.0
 Etot   =     -6600.2838  EKtot   =       123.3045  EPtot      =     -6723.5883
 BOND   =         0.0000  ANGLE   =         0.0000  DIHED      =         0.0000
 1-4 NB =         0.0000  1-4 EEL =         0.0000  VDWAALS    =      1373.1943
 EELEC  =     -8096.7826  EHBOND  =         0.0000  RESTRAINT  =         0.0000
 Ewald error estimate:   0.5153E-03
 ------------------------------------------------------------------------------

 NMR restraints: Bond =    0.000   Angle =     0.000   Torsion =     0.000
===============================================================================

 NSTEP =     1300   TIME(PS) =       2.600  TEMP(K) =    37.75  PRESS =     0.0
 Etot   =     -6589.9867  EKtot   =       135.5237  EPtot      =     -6725.5105
 BOND   =         0.0000  ANGLE   =         0.0000  DIHED      =         0.0000
 1-4 NB =         0.0000  1-4 EEL =         0.0000  VDWAALS    =      1385.5919
 EELEC  =     -8111.1024  EHBOND  =         0.0000  RESTRAINT  =         0.0000
 Ewald error estimate:   0.3369E-03
 ------------------------------------------------------------------------------

 NMR restraints: Bond =    0.000   Angle =     0.000   Torsion =     0.000
===============================================================================

 NSTEP =     1400   TIME(PS) =       2.800  TEMP(K) =    40.42  PRESS =     0.0
 Etot   =     -6575.9630  EKtot   =       145.0856  EPtot      =     -6721.0486
 BOND   =         0.0000  ANGLE   =         0.0000  DIHED      =         0.0000
 1-4 NB =         0.0000  1-4 EEL =         0.0000  VDWAALS    =      1385.1623
 EELEC  =     -8106.2109  EHBOND  =         0.0000  RESTRAINT  =         0.0000
 Ewald error estimate:   0.7322E-03
 ------------------------------------------------------------------------------

 NMR restraints: Bond =    0.000   Angle =     0.000   Torsion =     0.000
===============================================================================

 NSTEP =     1500   TIME(PS) =       3.000  TEMP(K) =    41.09  PRESS =     0.0
 Etot   =     -6560.0033  EKtot   =       147.4973  EPtot      =     -6707.5006
 BOND   =         0.0000  ANGLE   =         0.0000  DIHED      =         0.0000
 1-4 NB =         0.0000  1-4 EEL =         0.0000  VDWAALS    =      1375.6601
 EELEC  =     -8083.1607  EHBOND  =         0.0000  RESTRAINT  =         0.0000
 Ewald error estimate:   0.5411E-03
 ------------------------------------------------------------------------------

 NMR restraints: Bond =    0.000   Angle =     0.000   Torsion =     0.000
===============================================================================

 NSTEP =     1600   TIME(PS) =       3.200  TEMP(K) =    46.14  PRESS =     0.0
 Etot   =     -6541.8873  EKtot   =       165.6507  EPtot      =     -6707.5381
 BOND   =         0.0000  ANGLE   =         0.0000  DIHED      =         0.0000
 1-4 NB =         0.0000  1-4 EEL =         0.0000  VDWAALS    =      1360.3613
 EELEC  =     -8067.8994  EHBOND  =         0.0000  RESTRAINT  =         0.0000
 Ewald error estimate:   0.3124E-03
 ------------------------------------------------------------------------------

 NMR restraints: Bond =    0.000   Angle =     0.000   Torsion =     0.000
===============================================================================

 NSTEP =     1700   TIME(PS) =       3.400  TEMP(K) =    48.14  PRESS =     0.0
 Etot   =     -6517.6076  EKtot   =       172.8245  EPtot      =     -6690.4321
 BOND   =         0.0000  ANGLE   =         0.0000  DIHED      =         0.0000
 1-4 NB =         0.0000  1-4 EEL =         0.0000  VDWAALS    =      1360.4573
 EELEC  =     -8050.8894  EHBOND  =         0.0000  RESTRAINT  =         0.0000
 Ewald error estimate:   0.2232E-03
 ------------------------------------------------------------------------------

 NMR restraints: Bond =    0.000   Angle =     0.000   Torsion =     0.000
===============================================================================

 NSTEP =     1800   TIME(PS) =       3.600  TEMP(K) =    50.71  PRESS =     0.0
 Etot   =     -6496.3710  EKtot   =       182.0410  EPtot      =     -6678.4120
 BOND   =         0.0000  ANGLE   =         0.0000  DIHED      =         0.0000
 1-4 NB =         0.0000  1-4 EEL =         0.0000  VDWAALS    =      1361.3220
 EELEC  =     -8039.7341  EHBOND  =         0.0000  RESTRAINT  =         0.0000
 Ewald error estimate:   0.5433E-04
 ------------------------------------------------------------------------------

 NMR restraints: Bond =    0.000   Angle =     0.000   Torsion =     0.000
===============================================================================

 NSTEP =     1900   TIME(PS) =       3.800  TEMP(K) =    53.36  PRESS =     0.0
 Etot   =     -6486.6824  EKtot   =       191.5686  EPtot      =     -6678.2511
 BOND   =         0.0000  ANGLE   =         0.0000  DIHED      =         0.0000
 1-4 NB =         0.0000  1-4 EEL =         0.0000  VDWAALS    =      1336.8423
 EELEC  =     -8015.0934  EHBOND  =         0.0000  RESTRAINT  =         0.0000
 Ewald error estimate:   0.2266E-03
 ------------------------------------------------------------------------------

 NMR restraints: Bond =    0.000   Angle =     0.000   Torsion =     0.000
===============================================================================

 NSTEP =     2000   TIME(PS) =       4.000  TEMP(K) =    57.25  PRESS =     0.0
 Etot   =     -6458.2552  EKtot   =       205.5107  EPtot      =     -6663.7659
 BOND   =         0.0000  ANGLE   =         0.0000  DIHED      =         0.0000
 1-4 NB =         0.0000  1-4 EEL =         0.0000  VDWAALS    =      1356.9123
 EELEC  =     -8020.6781  EHBOND  =         0.0000  RESTRAINT  =         0.0000
 Ewald error estimate:   0.2127E-03
 ------------------------------------------------------------------------------

 NMR restraints: Bond =    0.000   Angle =     0.000   Torsion =     0.000
===============================================================================

 NSTEP =     2100   TIME(PS) =       4.200  TEMP(K) =    63.05  PRESS =     0.0
 Etot   =     -6440.9535  EKtot   =       226.3448  EPtot      =     -6667.2983
 BOND   =         0.0000  ANGLE   =         0.0000  DIHED      =         0.0000
 1-4 NB =         0.0000  1-4 EEL =         0.0000  VDWAALS    =      1367.6079
 EELEC  =     -8034.9062  EHBOND  =         0.0000  RESTRAINT  =         0.0000
 Ewald error estimate:   0.2060E-03
 ------------------------------------------------------------------------------

 NMR restraints: Bond =    0.000   Angle =     0.000   Torsion =     0.000
===============================================================================

 NSTEP =     2200   TIME(PS) =       4.400  TEMP(K) =    66.96  PRESS =     0.0
 Etot   =     -6414.4461  EKtot   =       240.3861  EPtot      =     -6654.8321
 BOND   =         0.0000  ANGLE   =         0.0000  DIHED      =         0.0000
 1-4 NB =         0.0000  1-4 EEL =         0.0000  VDWAALS    =      1373.8131
 EELEC  =     -8028.6452  EHBOND  =         0.0000  RESTRAINT  =         0.0000
 Ewald error estimate:   0.6817E-03
 ------------------------------------------------------------------------------

 NMR restraints: Bond =    0.000   Angle =     0.000   Torsion =     0.000
===============================================================================

 NSTEP =     2300   TIME(PS) =       4.600  TEMP(K) =    70.12  PRESS =     0.0
 Etot   =     -6390.4511  EKtot   =       251.7381  EPtot      =     -6642.1891
 BOND   =         0.0000  ANGLE   =         0.0000  DIHED      =         0.0000
 1-4 NB =         0.0000  1-4 EEL =         0.0000  VDWAALS    =      1335.3883
 EELEC  =     -7977.5775  EHBOND  =         0.0000  RESTRAINT  =         0.0000
 Ewald error estimate:   0.3392E-03
 ------------------------------------------------------------------------------

 NMR restraints: Bond =    0.000   Angle =     0.000   Torsion =     0.000
===============================================================================

 NSTEP =     2400   TIME(PS) =       4.800  TEMP(K) =    70.74  PRESS =     0.0
 Etot   =     -6374.6880  EKtot   =       253.9404  EPtot      =     -6628.6285
 BOND   =         0.0000  ANGLE   =         0.0000  DIHED      =         0.0000
 1-4 NB =         0.0000  1-4 EEL =         0.0000  VDWAALS    =      1350.2289
 EELEC  =     -7978.8573  EHBOND  =         0.0000  RESTRAINT  =         0.0000
 Ewald error estimate:   0.5363E-03
 ------------------------------------------------------------------------------

 NMR restraints: Bond =    0.000   Angle =     0.000   Torsion =     0.000
===============================================================================

 NSTEP =     2500   TIME(PS) =       5.000  TEMP(K) =    72.29  PRESS =     0.0
 Etot   =     -6367.1078  EKtot   =       259.5141  EPtot      =     -6626.6219
 BOND   =         0.0000  ANGLE   =         0.0000  DIHED      =         0.0000
 1-4 NB =         0.0000  1-4 EEL =         0.0000  VDWAALS    =      1343.7553
 EELEC  =     -7970.3773  EHBOND  =         0.0000  RESTRAINT  =         0.0000
 Ewald error estimate:   0.4396E-03
 ------------------------------------------------------------------------------

 NMR restraints: Bond =    0.000   Angle =     0.000   Torsion =     0.000
===============================================================================

 NSTEP =     2600   TIME(PS) =       5.200  TEMP(K) =    77.84  PRESS =     0.0
 Etot   =     -6346.5522  EKtot   =       279.4319  EPtot      =     -6625.9841
 BOND   =         0.0000  ANGLE   =         0.0000  DIHED      =         0.0000
 1-4 NB =         0.0000  1-4 EEL =         0.0000  VDWAALS    =      1367.6846
 EELEC  =     -7993.6686  EHBOND  =         0.0000  RESTRAINT  =         0.0000
 Ewald error estimate:   0.3051E-03
 ------------------------------------------------------------------------------

 NMR restraints: Bond =    0.000   Angle =     0.000   Torsion =     0.000
===============================================================================

 NSTEP =     2700   TIME(PS) =       5.400  TEMP(K) =    81.94  PRESS =     0.0
 Etot   =     -6317.1092  EKtot   =       294.1403  EPtot      =     -6611.2495
 BOND   =         0.0000  ANGLE   =         0.0000  DIHED      =         0.0000
 1-4 NB =         0.0000  1-4 EEL =         0.0000  VDWAALS    =      1318.5345
 EELEC  =     -7929.7840  EHBOND  =         0.0000  RESTRAINT  =         0.0000
 Ewald error estimate:   0.8893E-04
 ------------------------------------------------------------------------------

 NMR restraints: Bond =    0.000   Angle =     0.000   Torsion =     0.000
===============================================================================

 NSTEP =     2800   TIME(PS) =       5.600  TEMP(K) =    88.49  PRESS =     0.0
 Etot   =     -6283.9346  EKtot   =       317.6588  EPtot      =     -6601.5934
 BOND   =         0.0000  ANGLE   =         0.0000  DIHED      =         0.0000
 1-4 NB =         0.0000  1-4 EEL =         0.0000  VDWAALS    =      1349.1258
 EELEC  =     -7950.7192  EHBOND  =         0.0000  RESTRAINT  =         0.0000
 Ewald error estimate:   0.3984E-03
 ------------------------------------------------------------------------------

 NMR restraints: Bond =    0.000   Angle =     0.000   Torsion =     0.000
===============================================================================

 NSTEP =     2900   TIME(PS) =       5.800  TEMP(K) =    92.09  PRESS =     0.0
 Etot   =     -6252.9419  EKtot   =       330.5805  EPtot      =     -6583.5224
 BOND   =         0.0000  ANGLE   =         0.0000  DIHED      =         0.0000
 1-4 NB =         0.0000  1-4 EEL =         0.0000  VDWAALS    =      1333.3897
 EELEC  =     -7916.9121  EHBOND  =         0.0000  RESTRAINT  =         0.0000
 Ewald error estimate:   0.4098E-03
 ------------------------------------------------------------------------------

 NMR restraints: Bond =    0.000   Angle =     0.000   Torsion =     0.000
===============================================================================

 NSTEP =     3000   TIME(PS) =       6.000  TEMP(K) =    95.63  PRESS =     0.0
 Etot   =     -6229.6147  EKtot   =       343.2942  EPtot      =     -6572.9089
 BOND   =         0.0000  ANGLE   =         0.0000  DIHED      =         0.0000
 1-4 NB =         0.0000  1-4 EEL =         0.0000  VDWAALS    =      1281.2350
 EELEC  =     -7854.1438  EHBOND  =         0.0000  RESTRAINT  =         0.0000
 Ewald error estimate:   0.3489E-03
 ------------------------------------------------------------------------------

 NMR restraints: Bond =    0.000   Angle =     0.000   Torsion =     0.000
===============================================================================

 NSTEP =     3100   TIME(PS) =       6.200  TEMP(K) =    97.80  PRESS =     0.0
 Etot   =     -6199.6448  EKtot   =       351.0716  EPtot      =     -6550.7164
 BOND   =         0.0000  ANGLE   =         0.0000  DIHED      =         0.0000
 1-4 NB =         0.0000  1-4 EEL =         0.0000  VDWAALS    =      1300.2229
 EELEC  =     -7850.9393  EHBOND  =         0.0000  RESTRAINT  =         0.0000
 Ewald error estimate:   0.2030E-03
 ------------------------------------------------------------------------------

 NMR restraints: Bond =    0.000   Angle =     0.000   Torsion =     0.000
===============================================================================

 NSTEP =     3200   TIME(PS) =       6.400  TEMP(K) =   100.98  PRESS =     0.0
 Etot   =     -6185.8863  EKtot   =       362.5025  EPtot      =     -6548.3889
 BOND   =         0.0000  ANGLE   =         0.0000  DIHED      =         0.0000
 1-4 NB =         0.0000  1-4 EEL =         0.0000  VDWAALS    =      1306.1118
 EELEC  =     -7854.5007  EHBOND  =         0.0000  RESTRAINT  =         0.0000
 Ewald error estimate:   0.2337E-03
 ------------------------------------------------------------------------------

 NMR restraints: Bond =    0.000   Angle =     0.000   Torsion =     0.000
===============================================================================

 NSTEP =     3300   TIME(PS) =       6.600  TEMP(K) =   105.05  PRESS =     0.0
 Etot   =     -6158.8169  EKtot   =       377.1190  EPtot      =     -6535.9360
 BOND   =         0.0000  ANGLE   =         0.0000  DIHED      =         0.0000
 1-4 NB =         0.0000  1-4 EEL =         0.0000  VDWAALS    =      1308.7119
 EELEC  =     -7844.6479  EHBOND  =         0.0000  RESTRAINT  =         0.0000
 Ewald error estimate:   0.5112E-03
 ------------------------------------------------------------------------------

 NMR restraints: Bond =    0.000   Angle =     0.000   Torsion =     0.000
===============================================================================

 NSTEP =     3400   TIME(PS) =       6.800  TEMP(K) =   109.56  PRESS =     0.0
 Etot   =     -6133.4290  EKtot   =       393.3030  EPtot      =     -6526.7320
 BOND   =         0.0000  ANGLE   =         0.0000  DIHED      =         0.0000
 1-4 NB =         0.0000  1-4 EEL =         0.0000  VDWAALS    =      1294.2475
 EELEC  =     -7820.9795  EHBOND  =         0.0000  RESTRAINT  =         0.0000
 Ewald error estimate:   0.1616E-03
 ------------------------------------------------------------------------------

 NMR restraints: Bond =    0.000   Angle =     0.000   Torsion =     0.000
===============================================================================

 NSTEP =     3500   TIME(PS) =       7.000  TEMP(K) =   104.12  PRESS =     0.0
 Etot   =     -6145.0502  EKtot   =       373.7746  EPtot      =     -6518.8248
 BOND   =         0.0000  ANGLE   =         0.0000  DIHED      =         0.0000
 1-4 NB =         0.0000  1-4 EEL =         0.0000  VDWAALS    =      1283.9808
 EELEC  =     -7802.8057  EHBOND  =         0.0000  RESTRAINT  =         0.0000
 Ewald error estimate:   0.5692E-04
 ------------------------------------------------------------------------------

 NMR restraints: Bond =    0.000   Angle =     0.000   Torsion =     0.000
===============================================================================

 NSTEP =     3600   TIME(PS) =       7.200  TEMP(K) =   110.56  PRESS =     0.0
 Etot   =     -6128.1509  EKtot   =       396.9075  EPtot      =     -6525.0584
 BOND   =         0.0000  ANGLE   =         0.0000  DIHED      =         0.0000
 1-4 NB =         0.0000  1-4 EEL =         0.0000  VDWAALS    =      1294.2567
 EELEC  =     -7819.3151  EHBOND  =         0.0000  RESTRAINT  =         0.0000
 Ewald error estimate:   0.2393E-03
 ------------------------------------------------------------------------------

 NMR restraints: Bond =    0.000   Angle =     0.000   Torsion =     0.000
===============================================================================

 NSTEP =     3700   TIME(PS) =       7.400  TEMP(K) =   112.16  PRESS =     0.0
 Etot   =     -6111.9706  EKtot   =       402.6231  EPtot      =     -6514.5938
 BOND   =         0.0000  ANGLE   =         0.0000  DIHED      =         0.0000
 1-4 NB =         0.0000  1-4 EEL =         0.0000  VDWAALS    =      1322.1171
 EELEC  =     -7836.7108  EHBOND  =         0.0000  RESTRAINT  =         0.0000
 Ewald error estimate:   0.4153E-03
 ------------------------------------------------------------------------------

 NMR restraints: Bond =    0.000   Angle =     0.000   Torsion =     0.000
===============================================================================

 NSTEP =     3800   TIME(PS) =       7.600  TEMP(K) =   114.74  PRESS =     0.0
 Etot   =     -6074.9929  EKtot   =       411.9112  EPtot      =     -6486.9040
 BOND   =         0.0000  ANGLE   =         0.0000  DIHED      =         0.0000
 1-4 NB =         0.0000  1-4 EEL =         0.0000  VDWAALS    =      1302.4592
 EELEC  =     -7789.3632  EHBOND  =         0.0000  RESTRAINT  =         0.0000
 Ewald error estimate:   0.5713E-05
 ------------------------------------------------------------------------------

 NMR restraints: Bond =    0.000   Angle =     0.000   Torsion =     0.000
===============================================================================

 NSTEP =     3900   TIME(PS) =       7.800  TEMP(K) =   119.94  PRESS =     0.0
 Etot   =     -6042.8231  EKtot   =       430.5608  EPtot      =     -6473.3839
 BOND   =         0.0000  ANGLE   =         0.0000  DIHED      =         0.0000
 1-4 NB =         0.0000  1-4 EEL =         0.0000  VDWAALS    =      1230.7646
 EELEC  =     -7704.1485  EHBOND  =         0.0000  RESTRAINT  =         0.0000
 Ewald error estimate:   0.3381E-03
 ------------------------------------------------------------------------------

 NMR restraints: Bond =    0.000   Angle =     0.000   Torsion =     0.000
===============================================================================

 NSTEP =     4000   TIME(PS) =       8.000  TEMP(K) =   124.47  PRESS =     0.0
 Etot   =     -6023.9826  EKtot   =       446.8226  EPtot      =     -6470.8052
 BOND   =         0.0000  ANGLE   =         0.0000  DIHED      =         0.0000
 1-4 NB =         0.0000  1-4 EEL =         0.0000  VDWAALS    =      1282.0863
 EELEC  =     -7752.8915  EHBOND  =         0.0000  RESTRAINT  =         0.0000
 Ewald error estimate:   0.2272E-04
 ------------------------------------------------------------------------------

 NMR restraints: Bond =    0.000   Angle =     0.000   Torsion =     0.000
===============================================================================

 NSTEP =     4100   TIME(PS) =       8.200  TEMP(K) =   128.71  PRESS =     0.0
 Etot   =     -5994.8295  EKtot   =       462.0396  EPtot      =     -6456.8691
 BOND   =         0.0000  ANGLE   =         0.0000  DIHED      =         0.0000
 1-4 NB =         0.0000  1-4 EEL =         0.0000  VDWAALS    =      1253.9930
 EELEC  =     -7710.8621  EHBOND  =         0.0000  RESTRAINT  =         0.0000
 Ewald error estimate:   0.3241E-03
 ------------------------------------------------------------------------------

 NMR restraints: Bond =    0.000   Angle =     0.000   Torsion =     0.000
===============================================================================

 NSTEP =     4200   TIME(PS) =       8.400  TEMP(K) =   130.44  PRESS =     0.0
 Etot   =     -5982.8308  EKtot   =       468.2697  EPtot      =     -6451.1005
 BOND   =         0.0000  ANGLE   =         0.0000  DIHED      =         0.0000
 1-4 NB =         0.0000  1-4 EEL =         0.0000  VDWAALS    =      1252.9074
 EELEC  =     -7704.0079  EHBOND  =         0.0000  RESTRAINT  =         0.0000
 Ewald error estimate:   0.3120E-04
 ------------------------------------------------------------------------------

 NMR restraints: Bond =    0.000   Angle =     0.000   Torsion =     0.000
===============================================================================

 NSTEP =     4300   TIME(PS) =       8.600  TEMP(K) =   138.16  PRESS =     0.0
 Etot   =     -5950.6866  EKtot   =       495.9918  EPtot      =     -6446.6783
 BOND   =         0.0000  ANGLE   =         0.0000  DIHED      =         0.0000
 1-4 NB =         0.0000  1-4 EEL =         0.0000  VDWAALS    =      1257.3957
 EELEC  =     -7704.0740  EHBOND  =         0.0000  RESTRAINT  =         0.0000
 Ewald error estimate:   0.2146E-03
 ------------------------------------------------------------------------------

 NMR restraints: Bond =    0.000   Angle =     0.000   Torsion =     0.000
===============================================================================

 NSTEP =     4400   TIME(PS) =       8.800  TEMP(K) =   135.31  PRESS =     0.0
 Etot   =     -5936.3229  EKtot   =       485.7545  EPtot      =     -6422.0774
 BOND   =         0.0000  ANGLE   =         0.0000  DIHED      =         0.0000
 1-4 NB =         0.0000  1-4 EEL =         0.0000  VDWAALS    =      1238.5847
 EELEC  =     -7660.6620  EHBOND  =         0.0000  RESTRAINT  =         0.0000
 Ewald error estimate:   0.2487E-04
 ------------------------------------------------------------------------------

 NMR restraints: Bond =    0.000   Angle =     0.000   Torsion =     0.000
===============================================================================

 NSTEP =     4500   TIME(PS) =       9.000  TEMP(K) =   139.39  PRESS =     0.0
 Etot   =     -5901.7085  EKtot   =       500.4064  EPtot      =     -6402.1149
 BOND   =         0.0000  ANGLE   =         0.0000  DIHED      =         0.0000
 1-4 NB =         0.0000  1-4 EEL =         0.0000  VDWAALS    =      1279.5497
 EELEC  =     -7681.6646  EHBOND  =         0.0000  RESTRAINT  =         0.0000
 Ewald error estimate:   0.1260E-03
 ------------------------------------------------------------------------------

 NMR restraints: Bond =    0.000   Angle =     0.000   Torsion =     0.000
===============================================================================

 NSTEP =     4600   TIME(PS) =       9.200  TEMP(K) =   139.24  PRESS =     0.0
 Etot   =     -5909.0856  EKtot   =       499.8571  EPtot      =     -6408.9427
 BOND   =         0.0000  ANGLE   =         0.0000  DIHED      =         0.0000
 1-4 NB =         0.0000  1-4 EEL =         0.0000  VDWAALS    =      1252.9479
 EELEC  =     -7661.8906  EHBOND  =         0.0000  RESTRAINT  =         0.0000
 Ewald error estimate:   0.1628E-03
 ------------------------------------------------------------------------------

 NMR restraints: Bond =    0.000   Angle =     0.000   Torsion =     0.000
===============================================================================

 NSTEP =     4700   TIME(PS) =       9.400  TEMP(K) =   149.94  PRESS =     0.0
 Etot   =     -5860.6230  EKtot   =       538.2732  EPtot      =     -6398.8961
 BOND   =         0.0000  ANGLE   =         0.0000  DIHED      =         0.0000
 1-4 NB =         0.0000  1-4 EEL =         0.0000  VDWAALS    =      1269.5673
 EELEC  =     -7668.4634  EHBOND  =         0.0000  RESTRAINT  =         0.0000
 Ewald error estimate:   0.8593E-04
 ------------------------------------------------------------------------------

 NMR restraints: Bond =    0.000   Angle =     0.000   Torsion =     0.000
===============================================================================

 NSTEP =     4800   TIME(PS) =       9.600  TEMP(K) =   153.19  PRESS =     0.0
 Etot   =     -5835.9145  EKtot   =       549.9463  EPtot      =     -6385.8609
 BOND   =         0.0000  ANGLE   =         0.0000  DIHED      =         0.0000
 1-4 NB =         0.0000  1-4 EEL =         0.0000  VDWAALS    =      1285.6400
 EELEC  =     -7671.5009  EHBOND  =         0.0000  RESTRAINT  =         0.0000
 Ewald error estimate:   0.1962E-03
 ------------------------------------------------------------------------------

 NMR restraints: Bond =    0.000   Angle =     0.000   Torsion =     0.000
===============================================================================

 NSTEP =     4900   TIME(PS) =       9.800  TEMP(K) =   157.41  PRESS =     0.0
 Etot   =     -5802.0171  EKtot   =       565.0656  EPtot      =     -6367.0827
 BOND   =         0.0000  ANGLE   =         0.0000  DIHED      =         0.0000
 1-4 NB =         0.0000  1-4 EEL =         0.0000  VDWAALS    =      1261.7711
 EELEC  =     -7628.8538  EHBOND  =         0.0000  RESTRAINT  =         0.0000
 Ewald error estimate:   0.2212E-03
 ------------------------------------------------------------------------------

 NMR restraints: Bond =    0.000   Angle =     0.000   Torsion =     0.000
===============================================================================

 NSTEP =     5000   TIME(PS) =      10.000  TEMP(K) =   165.37  PRESS =     0.0
 Etot   =     -5755.1886  EKtot   =       593.6713  EPtot      =     -6348.8598
 BOND   =         0.0000  ANGLE   =         0.0000  DIHED      =         0.0000
 1-4 NB =         0.0000  1-4 EEL =         0.0000  VDWAALS    =      1221.8280
 EELEC  =     -7570.6879  EHBOND  =         0.0000  RESTRAINT  =         0.0000
 Ewald error estimate:   0.2614E-03
 ------------------------------------------------------------------------------

 NMR restraints: Bond =    0.000   Angle =     0.000   Torsion =     0.000
===============================================================================

 NSTEP =     5100   TIME(PS) =      10.200  TEMP(K) =   162.05  PRESS =     0.0
 Etot   =     -5733.1465  EKtot   =       581.7439  EPtot      =     -6314.8904
 BOND   =         0.0000  ANGLE   =         0.0000  DIHED      =         0.0000
 1-4 NB =         0.0000  1-4 EEL =         0.0000  VDWAALS    =      1155.7421
 EELEC  =     -7470.6324  EHBOND  =         0.0000  RESTRAINT  =         0.0000
 Ewald error estimate:   0.1563E-03
 ------------------------------------------------------------------------------

 NMR restraints: Bond =    0.000   Angle =     0.000   Torsion =     0.000
===============================================================================

 NSTEP =     5200   TIME(PS) =      10.400  TEMP(K) =   162.22  PRESS =     0.0
 Etot   =     -5701.7873  EKtot   =       582.3329  EPtot      =     -6284.1202
 BOND   =         0.0000  ANGLE   =         0.0000  DIHED      =         0.0000
 1-4 NB =         0.0000  1-4 EEL =         0.0000  VDWAALS    =      1190.7467
 EELEC  =     -7474.8670  EHBOND  =         0.0000  RESTRAINT  =         0.0000
 Ewald error estimate:   0.4011E-03
 ------------------------------------------------------------------------------

 NMR restraints: Bond =    0.000   Angle =     0.000   Torsion =     0.000
===============================================================================

 NSTEP =     5300   TIME(PS) =      10.600  TEMP(K) =   165.10  PRESS =     0.0
 Etot   =     -5702.3845  EKtot   =       592.7007  EPtot      =     -6295.0851
 BOND   =         0.0000  ANGLE   =         0.0000  DIHED      =         0.0000
 1-4 NB =         0.0000  1-4 EEL =         0.0000  VDWAALS    =      1219.0337
 EELEC  =     -7514.1188  EHBOND  =         0.0000  RESTRAINT  =         0.0000
 Ewald error estimate:   0.3492E-03
 ------------------------------------------------------------------------------

 NMR restraints: Bond =    0.000   Angle =     0.000   Torsion =     0.000
===============================================================================

 NSTEP =     5400   TIME(PS) =      10.800  TEMP(K) =   170.79  PRESS =     0.0
 Etot   =     -5662.3132  EKtot   =       613.1056  EPtot      =     -6275.4188
 BOND   =         0.0000  ANGLE   =         0.0000  DIHED      =         0.0000
 1-4 NB =         0.0000  1-4 EEL =         0.0000  VDWAALS    =      1187.5255
 EELEC  =     -7462.9442  EHBOND  =         0.0000  RESTRAINT  =         0.0000
 Ewald error estimate:   0.1217E-03
 ------------------------------------------------------------------------------

 NMR restraints: Bond =    0.000   Angle =     0.000   Torsion =     0.000
===============================================================================

 NSTEP =     5500   TIME(PS) =      11.000  TEMP(K) =   174.57  PRESS =     0.0
 Etot   =     -5651.6398  EKtot   =       626.6865  EPtot      =     -6278.3263
 BOND   =         0.0000  ANGLE   =         0.0000  DIHED      =         0.0000
 1-4 NB =         0.0000  1-4 EEL =         0.0000  VDWAALS    =      1172.4579
 EELEC  =     -7450.7842  EHBOND  =         0.0000  RESTRAINT  =         0.0000
 Ewald error estimate:   0.4140E-03
 ------------------------------------------------------------------------------

 NMR restraints: Bond =    0.000   Angle =     0.000   Torsion =     0.000
===============================================================================

 NSTEP =     5600   TIME(PS) =      11.200  TEMP(K) =   172.45  PRESS =     0.0
 Etot   =     -5630.3622  EKtot   =       619.0559  EPtot      =     -6249.4181
 BOND   =         0.0000  ANGLE   =         0.0000  DIHED      =         0.0000
 1-4 NB =         0.0000  1-4 EEL =         0.0000  VDWAALS    =      1127.2871
 EELEC  =     -7376.7051  EHBOND  =         0.0000  RESTRAINT  =         0.0000
 Ewald error estimate:   0.3500E-05
 ------------------------------------------------------------------------------

 NMR restraints: Bond =    0.000   Angle =     0.000   Torsion =     0.000
===============================================================================

 NSTEP =     5700   TIME(PS) =      11.400  TEMP(K) =   183.09  PRESS =     0.0
 Etot   =     -5597.1560  EKtot   =       657.2557  EPtot      =     -6254.4117
 BOND   =         0.0000  ANGLE   =         0.0000  DIHED      =         0.0000
 1-4 NB =         0.0000  1-4 EEL =         0.0000  VDWAALS    =      1224.4690
 EELEC  =     -7478.8807  EHBOND  =         0.0000  RESTRAINT  =         0.0000
 Ewald error estimate:   0.1959E-03
 ------------------------------------------------------------------------------

 NMR restraints: Bond =    0.000   Angle =     0.000   Torsion =     0.000
===============================================================================

 NSTEP =     5800   TIME(PS) =      11.600  TEMP(K) =   186.96  PRESS =     0.0
 Etot   =     -5584.6169  EKtot   =       671.1477  EPtot      =     -6255.7646
 BOND   =         0.0000  ANGLE   =         0.0000  DIHED      =         0.0000
 1-4 NB =         0.0000  1-4 EEL =         0.0000  VDWAALS    =      1176.5509
 EELEC  =     -7432.3155  EHBOND  =         0.0000  RESTRAINT  =         0.0000
 Ewald error estimate:   0.2043E-03
 ------------------------------------------------------------------------------

 NMR restraints: Bond =    0.000   Angle =     0.000   Torsion =     0.000
===============================================================================

 NSTEP =     5900   TIME(PS) =      11.800  TEMP(K) =   191.65  PRESS =     0.0
 Etot   =     -5523.5461  EKtot   =       687.9978  EPtot      =     -6211.5439
 BOND   =         0.0000  ANGLE   =         0.0000  DIHED      =         0.0000
 1-4 NB =         0.0000  1-4 EEL =         0.0000  VDWAALS    =      1115.3954
 EELEC  =     -7326.9394  EHBOND  =         0.0000  RESTRAINT  =         0.0000
 Ewald error estimate:   0.1044E-03
 ------------------------------------------------------------------------------

 NMR restraints: Bond =    0.000   Angle =     0.000   Torsion =     0.000
===============================================================================

 NSTEP =     6000   TIME(PS) =      12.000  TEMP(K) =   204.57  PRESS =     0.0
 Etot   =     -5466.1193  EKtot   =       734.3664  EPtot      =     -6200.4857
 BOND   =         0.0000  ANGLE   =         0.0000  DIHED      =         0.0000
 1-4 NB =         0.0000  1-4 EEL =         0.0000  VDWAALS    =      1200.2620
 EELEC  =     -7400.7477  EHBOND  =         0.0000  RESTRAINT  =         0.0000
 Ewald error estimate:   0.3257E-04
 ------------------------------------------------------------------------------

 NMR restraints: Bond =    0.000   Angle =     0.000   Torsion =     0.000
===============================================================================

 NSTEP =     6100   TIME(PS) =      12.200  TEMP(K) =   197.16  PRESS =     0.0
 Etot   =     -5430.6188  EKtot   =       707.7739  EPtot      =     -6138.3926
 BOND   =         0.0000  ANGLE   =         0.0000  DIHED      =         0.0000
 1-4 NB =         0.0000  1-4 EEL =         0.0000  VDWAALS    =      1172.2654
 EELEC  =     -7310.6580  EHBOND  =         0.0000  RESTRAINT  =         0.0000
 Ewald error estimate:   0.1165E-03
 ------------------------------------------------------------------------------

 NMR restraints: Bond =    0.000   Angle =     0.000   Torsion =     0.000
===============================================================================

 NSTEP =     6200   TIME(PS) =      12.400  TEMP(K) =   196.67  PRESS =     0.0
 Etot   =     -5438.6034  EKtot   =       706.0040  EPtot      =     -6144.6074
 BOND   =         0.0000  ANGLE   =         0.0000  DIHED      =         0.0000
 1-4 NB =         0.0000  1-4 EEL =         0.0000  VDWAALS    =      1130.3045
 EELEC  =     -7274.9120  EHBOND  =         0.0000  RESTRAINT  =         0.0000
 Ewald error estimate:   0.8335E-04
 ------------------------------------------------------------------------------

 NMR restraints: Bond =    0.000   Angle =     0.000   Torsion =     0.000
===============================================================================

 NSTEP =     6300   TIME(PS) =      12.600  TEMP(K) =   208.62  PRESS =     0.0
 Etot   =     -5410.7522  EKtot   =       748.9013  EPtot      =     -6159.6535
 BOND   =         0.0000  ANGLE   =         0.0000  DIHED      =         0.0000
 1-4 NB =         0.0000  1-4 EEL =         0.0000  VDWAALS    =      1139.0792
 EELEC  =     -7298.7327  EHBOND  =         0.0000  RESTRAINT  =         0.0000
 Ewald error estimate:   0.2446E-03
 ------------------------------------------------------------------------------

 NMR restraints: Bond =    0.000   Angle =     0.000   Torsion =     0.000
===============================================================================

 NSTEP =     6400   TIME(PS) =      12.800  TEMP(K) =   207.72  PRESS =     0.0
 Etot   =     -5367.7300  EKtot   =       745.6870  EPtot      =     -6113.4169
 BOND   =         0.0000  ANGLE   =         0.0000  DIHED      =         0.0000
 1-4 NB =         0.0000  1-4 EEL =         0.0000  VDWAALS    =      1143.7209
 EELEC  =     -7257.1378  EHBOND  =         0.0000  RESTRAINT  =         0.0000
 Ewald error estimate:   0.1057E-03
 ------------------------------------------------------------------------------

 NMR restraints: Bond =    0.000   Angle =     0.000   Torsion =     0.000
===============================================================================

 NSTEP =     6500   TIME(PS) =      13.000  TEMP(K) =   211.07  PRESS =     0.0
 Etot   =     -5334.1093  EKtot   =       757.7064  EPtot      =     -6091.8157
 BOND   =         0.0000  ANGLE   =         0.0000  DIHED      =         0.0000
 1-4 NB =         0.0000  1-4 EEL =         0.0000  VDWAALS    =      1084.8167
 EELEC  =     -7176.6324  EHBOND  =         0.0000  RESTRAINT  =         0.0000
 Ewald error estimate:   0.5289E-05
 ------------------------------------------------------------------------------

 NMR restraints: Bond =    0.000   Angle =     0.000   Torsion =     0.000
===============================================================================

 NSTEP =     6600   TIME(PS) =      13.200  TEMP(K) =   213.24  PRESS =     0.0
 Etot   =     -5327.0514  EKtot   =       765.4896  EPtot      =     -6092.5410
 BOND   =         0.0000  ANGLE   =         0.0000  DIHED      =         0.0000
 1-4 NB =         0.0000  1-4 EEL =         0.0000  VDWAALS    =      1151.8874
 EELEC  =     -7244.4284  EHBOND  =         0.0000  RESTRAINT  =         0.0000
 Ewald error estimate:   0.2373E-03
 ------------------------------------------------------------------------------

 NMR restraints: Bond =    0.000   Angle =     0.000   Torsion =     0.000
===============================================================================

 NSTEP =     6700   TIME(PS) =      13.400  TEMP(K) =   216.89  PRESS =     0.0
 Etot   =     -5304.4827  EKtot   =       778.6164  EPtot      =     -6083.0991
 BOND   =         0.0000  ANGLE   =         0.0000  DIHED      =         0.0000
 1-4 NB =         0.0000  1-4 EEL =         0.0000  VDWAALS    =      1181.3185
 EELEC  =     -7264.4175  EHBOND  =         0.0000  RESTRAINT  =         0.0000
 Ewald error estimate:   0.3111E-03
 ------------------------------------------------------------------------------

 NMR restraints: Bond =    0.000   Angle =     0.000   Torsion =     0.000
===============================================================================

 NSTEP =     6800   TIME(PS) =      13.600  TEMP(K) =   220.97  PRESS =     0.0
 Etot   =     -5260.5063  EKtot   =       793.2537  EPtot      =     -6053.7600
 BOND   =         0.0000  ANGLE   =         0.0000  DIHED      =         0.0000
 1-4 NB =         0.0000  1-4 EEL =         0.0000  VDWAALS    =      1110.6118
 EELEC  =     -7164.3718  EHBOND  =         0.0000  RESTRAINT  =         0.0000
 Ewald error estimate:   0.5040E-04
 ------------------------------------------------------------------------------

 NMR restraints: Bond =    0.000   Angle =     0.000   Torsion =     0.000
===============================================================================

 NSTEP =     6900   TIME(PS) =      13.800  TEMP(K) =   217.12  PRESS =     0.0
 Etot   =     -5259.4559  EKtot   =       779.4269  EPtot      =     -6038.8829
 BOND   =         0.0000  ANGLE   =         0.0000  DIHED      =         0.0000
 1-4 NB =         0.0000  1-4 EEL =         0.0000  VDWAALS    =      1079.5526
 EELEC  =     -7118.4354  EHBOND  =         0.0000  RESTRAINT  =         0.0000
 Ewald error estimate:   0.6379E-04
 ------------------------------------------------------------------------------

 NMR restraints: Bond =    0.000   Angle =     0.000   Torsion =     0.000
===============================================================================

 NSTEP =     7000   TIME(PS) =      14.000  TEMP(K) =   224.42  PRESS =     0.0
 Etot   =     -5206.5029  EKtot   =       805.6243  EPtot      =     -6012.1272
 BOND   =         0.0000  ANGLE   =         0.0000  DIHED      =         0.0000
 1-4 NB =         0.0000  1-4 EEL =         0.0000  VDWAALS    =      1060.6397
 EELEC  =     -7072.7669  EHBOND  =         0.0000  RESTRAINT  =         0.0000
 Ewald error estimate:   0.2757E-03
 ------------------------------------------------------------------------------

 NMR restraints: Bond =    0.000   Angle =     0.000   Torsion =     0.000
===============================================================================

 NSTEP =     7100   TIME(PS) =      14.200  TEMP(K) =   222.06  PRESS =     0.0
 Etot   =     -5187.1842  EKtot   =       797.1659  EPtot      =     -5984.3502
 BOND   =         0.0000  ANGLE   =         0.0000  DIHED      =         0.0000
 1-4 NB =         0.0000  1-4 EEL =         0.0000  VDWAALS    =      1065.6153
 EELEC  =     -7049.9655  EHBOND  =         0.0000  RESTRAINT  =         0.0000
 Ewald error estimate:   0.1784E-03
 ------------------------------------------------------------------------------

 NMR restraints: Bond =    0.000   Angle =     0.000   Torsion =     0.000
===============================================================================

 NSTEP =     7200   TIME(PS) =      14.400  TEMP(K) =   225.30  PRESS =     0.0
 Etot   =     -5173.2238  EKtot   =       808.7895  EPtot      =     -5982.0132
 BOND   =         0.0000  ANGLE   =         0.0000  DIHED      =         0.0000
 1-4 NB =         0.0000  1-4 EEL =         0.0000  VDWAALS    =      1108.8585
 EELEC  =     -7090.8718  EHBOND  =         0.0000  RESTRAINT  =         0.0000
 Ewald error estimate:   0.3654E-03
 ------------------------------------------------------------------------------

 NMR restraints: Bond =    0.000   Angle =     0.000   Torsion =     0.000
===============================================================================

 NSTEP =     7300   TIME(PS) =      14.600  TEMP(K) =   234.81  PRESS =     0.0
 Etot   =     -5106.0593  EKtot   =       842.9428  EPtot      =     -5949.0021
 BOND   =         0.0000  ANGLE   =         0.0000  DIHED      =         0.0000
 1-4 NB =         0.0000  1-4 EEL =         0.0000  VDWAALS    =      1048.8715
 EELEC  =     -6997.8736  EHBOND  =         0.0000  RESTRAINT  =         0.0000
 Ewald error estimate:   0.7851E-04
 ------------------------------------------------------------------------------

 NMR restraints: Bond =    0.000   Angle =     0.000   Torsion =     0.000
===============================================================================

 NSTEP =     7400   TIME(PS) =      14.800  TEMP(K) =   247.40  PRESS =     0.0
 Etot   =     -5022.1200  EKtot   =       888.1258  EPtot      =     -5910.2458
 BOND   =         0.0000  ANGLE   =         0.0000  DIHED      =         0.0000
 1-4 NB =         0.0000  1-4 EEL =         0.0000  VDWAALS    =      1000.9033
 EELEC  =     -6911.1491  EHBOND  =         0.0000  RESTRAINT  =         0.0000
 Ewald error estimate:   0.3200E-04
 ------------------------------------------------------------------------------

 NMR restraints: Bond =    0.000   Angle =     0.000   Torsion =     0.000
===============================================================================

 NSTEP =     7500   TIME(PS) =      15.000  TEMP(K) =   241.24  PRESS =     0.0
 Etot   =     -4997.4464  EKtot   =       866.0227  EPtot      =     -5863.4691
 BOND   =         0.0000  ANGLE   =         0.0000  DIHED      =         0.0000
 1-4 NB =         0.0000  1-4 EEL =         0.0000  VDWAALS    =      1004.9755
 EELEC  =     -6868.4446  EHBOND  =         0.0000  RESTRAINT  =         0.0000
 Ewald error estimate:   0.1281E-03
 ------------------------------------------------------------------------------

 NMR restraints: Bond =    0.000   Angle =     0.000   Torsion =     0.000
===============================================================================

 NSTEP =     7600   TIME(PS) =      15.200  TEMP(K) =   243.92  PRESS =     0.0
 Etot   =     -5030.3365  EKtot   =       875.6288  EPtot      =     -5905.9652
 BOND   =         0.0000  ANGLE   =         0.0000  DIHED      =         0.0000
 1-4 NB =         0.0000  1-4 EEL =         0.0000  VDWAALS    =      1059.9001
 EELEC  =     -6965.8653  EHBOND  =         0.0000  RESTRAINT  =         0.0000
 Ewald error estimate:   0.1060E-03
 ------------------------------------------------------------------------------

 NMR restraints: Bond =    0.000   Angle =     0.000   Torsion =     0.000
===============================================================================

 NSTEP =     7700   TIME(PS) =      15.400  TEMP(K) =   245.68  PRESS =     0.0
 Etot   =     -5016.4765  EKtot   =       881.9574  EPtot      =     -5898.4339
 BOND   =         0.0000  ANGLE   =         0.0000  DIHED      =         0.0000
 1-4 NB =         0.0000  1-4 EEL =         0.0000  VDWAALS    =      1058.0722
 EELEC  =     -6956.5062  EHBOND  =         0.0000  RESTRAINT  =         0.0000
 Ewald error estimate:   0.9896E-04
 ------------------------------------------------------------------------------

 NMR restraints: Bond =    0.000   Angle =     0.000   Torsion =     0.000
===============================================================================

 NSTEP =     7800   TIME(PS) =      15.600  TEMP(K) =   255.04  PRESS =     0.0
 Etot   =     -4955.7194  EKtot   =       915.5575  EPtot      =     -5871.2769
 BOND   =         0.0000  ANGLE   =         0.0000  DIHED      =         0.0000
 1-4 NB =         0.0000  1-4 EEL =         0.0000  VDWAALS    =       995.5836
 EELEC  =     -6866.8605  EHBOND  =         0.0000  RESTRAINT  =         0.0000
 Ewald error estimate:   0.1704E-03
 ------------------------------------------------------------------------------

 NMR restraints: Bond =    0.000   Angle =     0.000   Torsion =     0.000
===============================================================================

 NSTEP =     7900   TIME(PS) =      15.800  TEMP(K) =   247.76  PRESS =     0.0
 Etot   =     -4934.9498  EKtot   =       889.4062  EPtot      =     -5824.3560
 BOND   =         0.0000  ANGLE   =         0.0000  DIHED      =         0.0000
 1-4 NB =         0.0000  1-4 EEL =         0.0000  VDWAALS    =       953.1015
 EELEC  =     -6777.4576  EHBOND  =         0.0000  RESTRAINT  =         0.0000
 Ewald error estimate:   0.1258E-03
 ------------------------------------------------------------------------------

 NMR restraints: Bond =    0.000   Angle =     0.000   Torsion =     0.000
===============================================================================

 NSTEP =     8000   TIME(PS) =      16.000  TEMP(K) =   255.54  PRESS =     0.0
 Etot   =     -4879.0095  EKtot   =       917.3672  EPtot      =     -5796.3767
 BOND   =         0.0000  ANGLE   =         0.0000  DIHED      =         0.0000
 1-4 NB =         0.0000  1-4 EEL =         0.0000  VDWAALS    =      1020.8640
 EELEC  =     -6817.2406  EHBOND  =         0.0000  RESTRAINT  =         0.0000
 Ewald error estimate:   0.2060E-03
 ------------------------------------------------------------------------------

 NMR restraints: Bond =    0.000   Angle =     0.000   Torsion =     0.000
===============================================================================

 NSTEP =     8100   TIME(PS) =      16.200  TEMP(K) =   260.40  PRESS =     0.0
 Etot   =     -4849.1055  EKtot   =       934.7845  EPtot      =     -5783.8900
 BOND   =         0.0000  ANGLE   =         0.0000  DIHED      =         0.0000
 1-4 NB =         0.0000  1-4 EEL =         0.0000  VDWAALS    =      1003.1224
 EELEC  =     -6787.0124  EHBOND  =         0.0000  RESTRAINT  =         0.0000
 Ewald error estimate:   0.2198E-03
 ------------------------------------------------------------------------------

 NMR restraints: Bond =    0.000   Angle =     0.000   Torsion =     0.000
===============================================================================

 NSTEP =     8200   TIME(PS) =      16.400  TEMP(K) =   264.55  PRESS =     0.0
 Etot   =     -4818.6452  EKtot   =       949.6994  EPtot      =     -5768.3446
 BOND   =         0.0000  ANGLE   =         0.0000  DIHED      =         0.0000
 1-4 NB =         0.0000  1-4 EEL =         0.0000  VDWAALS    =       970.9924
 EELEC  =     -6739.3370  EHBOND  =         0.0000  RESTRAINT  =         0.0000
 Ewald error estimate:   0.4633E-04
 ------------------------------------------------------------------------------

 NMR restraints: Bond =    0.000   Angle =     0.000   Torsion =     0.000
===============================================================================

 NSTEP =     8300   TIME(PS) =      16.600  TEMP(K) =   272.33  PRESS =     0.0
 Etot   =     -4792.0481  EKtot   =       977.6222  EPtot      =     -5769.6703
 BOND   =         0.0000  ANGLE   =         0.0000  DIHED      =         0.0000
 1-4 NB =         0.0000  1-4 EEL =         0.0000  VDWAALS    =       983.9473
 EELEC  =     -6753.6176  EHBOND  =         0.0000  RESTRAINT  =         0.0000
 Ewald error estimate:   0.7360E-04
 ------------------------------------------------------------------------------

 NMR restraints: Bond =    0.000   Angle =     0.000   Torsion =     0.000
===============================================================================

 NSTEP =     8400   TIME(PS) =      16.800  TEMP(K) =   263.31  PRESS =     0.0
 Etot   =     -4762.6163  EKtot   =       945.2575  EPtot      =     -5707.8738
 BOND   =         0.0000  ANGLE   =         0.0000  DIHED      =         0.0000
 1-4 NB =         0.0000  1-4 EEL =         0.0000  VDWAALS    =       913.2677
 EELEC  =     -6621.1415  EHBOND  =         0.0000  RESTRAINT  =         0.0000
 Ewald error estimate:   0.4046E-03
 ------------------------------------------------------------------------------

 NMR restraints: Bond =    0.000   Angle =     0.000   Torsion =     0.000
===============================================================================

 NSTEP =     8500   TIME(PS) =      17.000  TEMP(K) =   281.08  PRESS =     0.0
 Etot   =     -4691.4672  EKtot   =      1009.0344  EPtot      =     -5700.5016
 BOND   =         0.0000  ANGLE   =         0.0000  DIHED      =         0.0000
 1-4 NB =         0.0000  1-4 EEL =         0.0000  VDWAALS    =       975.7407
 EELEC  =     -6676.2423  EHBOND  =         0.0000  RESTRAINT  =         0.0000
 Ewald error estimate:   0.1348E-03
 ------------------------------------------------------------------------------

 NMR restraints: Bond =    0.000   Angle =     0.000   Torsion =     0.000
===============================================================================

 NSTEP =     8600   TIME(PS) =      17.200  TEMP(K) =   277.84  PRESS =     0.0
 Etot   =     -4658.4260  EKtot   =       997.4064  EPtot      =     -5655.8324
 BOND   =         0.0000  ANGLE   =         0.0000  DIHED      =         0.0000
 1-4 NB =         0.0000  1-4 EEL =         0.0000  VDWAALS    =       975.4558
 EELEC  =     -6631.2882  EHBOND  =         0.0000  RESTRAINT  =         0.0000
 Ewald error estimate:   0.3254E-03
 ------------------------------------------------------------------------------

 NMR restraints: Bond =    0.000   Angle =     0.000   Torsion =     0.000
===============================================================================

 NSTEP =     8700   TIME(PS) =      17.400  TEMP(K) =   265.64  PRESS =     0.0
 Etot   =     -4592.6982  EKtot   =       953.6285  EPtot      =     -5546.3267
 BOND   =         0.0000  ANGLE   =         0.0000  DIHED      =         0.0000
 1-4 NB =         0.0000  1-4 EEL =         0.0000  VDWAALS    =       870.6892
 EELEC  =     -6417.0159  EHBOND  =         0.0000  RESTRAINT  =         0.0000
 Ewald error estimate:   0.2328E-03
 ------------------------------------------------------------------------------

 NMR restraints: Bond =    0.000   Angle =     0.000   Torsion =     0.000
===============================================================================

 NSTEP =     8800   TIME(PS) =      17.600  TEMP(K) =   281.51  PRESS =     0.0
 Etot   =     -4514.7934  EKtot   =      1010.5788  EPtot      =     -5525.3721
 BOND   =         0.0000  ANGLE   =         0.0000  DIHED      =         0.0000
 1-4 NB =         0.0000  1-4 EEL =         0.0000  VDWAALS    =       829.9884
 EELEC  =     -6355.3605  EHBOND  =         0.0000  RESTRAINT  =         0.0000
 Ewald error estimate:   0.2187E-03
 ------------------------------------------------------------------------------

 NMR restraints: Bond =    0.000   Angle =     0.000   Torsion =     0.000
===============================================================================

 NSTEP =     8900   TIME(PS) =      17.800  TEMP(K) =   290.17  PRESS =     0.0
 Etot   =     -4490.0414  EKtot   =      1041.6760  EPtot      =     -5531.7174
 BOND   =         0.0000  ANGLE   =         0.0000  DIHED      =         0.0000
 1-4 NB =         0.0000  1-4 EEL =         0.0000  VDWAALS    =       926.7405
 EELEC  =     -6458.4580  EHBOND  =         0.0000  RESTRAINT  =         0.0000
 Ewald error estimate:   0.2520E-03
 ------------------------------------------------------------------------------

 NMR restraints: Bond =    0.000   Angle =     0.000   Torsion =     0.000
===============================================================================

 NSTEP =     9000   TIME(PS) =      18.000  TEMP(K) =   276.84  PRESS =     0.0
 Etot   =     -4530.6359  EKtot   =       993.8220  EPtot      =     -5524.4580
 BOND   =         0.0000  ANGLE   =         0.0000  DIHED      =         0.0000
 1-4 NB =         0.0000  1-4 EEL =         0.0000  VDWAALS    =       841.7330
 EELEC  =     -6366.1910  EHBOND  =         0.0000  RESTRAINT  =         0.0000
 Ewald error estimate:   0.2810E-03
 ------------------------------------------------------------------------------

 NMR restraints: Bond =    0.000   Angle =     0.000   Torsion =     0.000
===============================================================================

 NSTEP =     9100   TIME(PS) =      18.200  TEMP(K) =   280.09  PRESS =     0.0
 Etot   =     -4490.5960  EKtot   =      1005.4668  EPtot      =     -5496.0628
 BOND   =         0.0000  ANGLE   =         0.0000  DIHED      =         0.0000
 1-4 NB =         0.0000  1-4 EEL =         0.0000  VDWAALS    =       910.6248
 EELEC  =     -6406.6876  EHBOND  =         0.0000  RESTRAINT  =         0.0000
 Ewald error estimate:   0.2903E-03
 ------------------------------------------------------------------------------

 NMR restraints: Bond =    0.000   Angle =     0.000   Torsion =     0.000
===============================================================================

 NSTEP =     9200   TIME(PS) =      18.400  TEMP(K) =   298.11  PRESS =     0.0
 Etot   =     -4478.9148  EKtot   =      1070.1899  EPtot      =     -5549.1046
 BOND   =         0.0000  ANGLE   =         0.0000  DIHED      =         0.0000
 1-4 NB =         0.0000  1-4 EEL =         0.0000  VDWAALS    =       871.6307
 EELEC  =     -6420.7353  EHBOND  =         0.0000  RESTRAINT  =         0.0000
 Ewald error estimate:   0.4120E-03
 ------------------------------------------------------------------------------

 NMR restraints: Bond =    0.000   Angle =     0.000   Torsion =     0.000
===============================================================================

 NSTEP =     9300   TIME(PS) =      18.600  TEMP(K) =   296.61  PRESS =     0.0
 Etot   =     -4439.4757  EKtot   =      1064.7947  EPtot      =     -5504.2704
 BOND   =         0.0000  ANGLE   =         0.0000  DIHED      =         0.0000
 1-4 NB =         0.0000  1-4 EEL =         0.0000  VDWAALS    =       830.2953
 EELEC  =     -6334.5657  EHBOND  =         0.0000  RESTRAINT  =         0.0000
 Ewald error estimate:   0.8468E-04
 ------------------------------------------------------------------------------

 NMR restraints: Bond =    0.000   Angle =     0.000   Torsion =     0.000
===============================================================================

 NSTEP =     9400   TIME(PS) =      18.800  TEMP(K) =   298.78  PRESS =     0.0
 Etot   =     -4398.3506  EKtot   =      1072.5910  EPtot      =     -5470.9417
 BOND   =         0.0000  ANGLE   =         0.0000  DIHED      =         0.0000
 1-4 NB =         0.0000  1-4 EEL =         0.0000  VDWAALS    =       832.5417
 EELEC  =     -6303.4833  EHBOND  =         0.0000  RESTRAINT  =         0.0000
 Ewald error estimate:   0.2322E-04
 ------------------------------------------------------------------------------

 NMR restraints: Bond =    0.000   Angle =     0.000   Torsion =     0.000
===============================================================================

 NSTEP =     9500   TIME(PS) =      19.000  TEMP(K) =   300.64  PRESS =     0.0
 Etot   =     -4365.6999  EKtot   =      1079.2612  EPtot      =     -5444.9611
 BOND   =         0.0000  ANGLE   =         0.0000  DIHED      =         0.0000
 1-4 NB =         0.0000  1-4 EEL =         0.0000  VDWAALS    =       830.2181
 EELEC  =     -6275.1792  EHBOND  =         0.0000  RESTRAINT  =         0.0000
 Ewald error estimate:   0.4323E-03
 ------------------------------------------------------------------------------

 NMR restraints: Bond =    0.000   Angle =     0.000   Torsion =     0.000
===============================================================================

 NSTEP =     9600   TIME(PS) =      19.200  TEMP(K) =   306.92  PRESS =     0.0
 Etot   =     -4354.7720  EKtot   =      1101.7854  EPtot      =     -5456.5574
 BOND   =         0.0000  ANGLE   =         0.0000  DIHED      =         0.0000
 1-4 NB =         0.0000  1-4 EEL =         0.0000  VDWAALS    =       848.0081
 EELEC  =     -6304.5655  EHBOND  =         0.0000  RESTRAINT  =         0.0000
 Ewald error estimate:   0.1748E-04
 ------------------------------------------------------------------------------

 NMR restraints: Bond =    0.000   Angle =     0.000   Torsion =     0.000
===============================================================================

 NSTEP =     9700   TIME(PS) =      19.400  TEMP(K) =   299.26  PRESS =     0.0
 Etot   =     -4337.4814  EKtot   =      1074.3057  EPtot      =     -5411.7870
 BOND   =         0.0000  ANGLE   =         0.0000  DIHED      =         0.0000
 1-4 NB =         0.0000  1-4 EEL =         0.0000  VDWAALS    =       844.2140
 EELEC  =     -6256.0010  EHBOND  =         0.0000  RESTRAINT  =         0.0000
 Ewald error estimate:   0.3768E-04
 ------------------------------------------------------------------------------

 NMR restraints: Bond =    0.000   Angle =     0.000   Torsion =     0.000
===============================================================================

 NSTEP =     9800   TIME(PS) =      19.600  TEMP(K) =   299.72  PRESS =     0.0
 Etot   =     -4361.9266  EKtot   =      1075.9579  EPtot      =     -5437.8845
 BOND   =         0.0000  ANGLE   =         0.0000  DIHED      =         0.0000
 1-4 NB =         0.0000  1-4 EEL =         0.0000  VDWAALS    =       868.8677
 EELEC  =     -6306.7521  EHBOND  =         0.0000  RESTRAINT  =         0.0000
 Ewald error estimate:   0.7243E-04
 ------------------------------------------------------------------------------

 NMR restraints: Bond =    0.000   Angle =     0.000   Torsion =     0.000
===============================================================================

 NSTEP =     9900   TIME(PS) =      19.800  TEMP(K) =   302.50  PRESS =     0.0
 Etot   =     -4354.2807  EKtot   =      1085.9232  EPtot      =     -5440.2039
 BOND   =         0.0000  ANGLE   =         0.0000  DIHED      =         0.0000
 1-4 NB =         0.0000  1-4 EEL =         0.0000  VDWAALS    =       823.3781
 EELEC  =     -6263.5820  EHBOND  =         0.0000  RESTRAINT  =         0.0000
 Ewald error estimate:   0.2635E-03
 ------------------------------------------------------------------------------

 NMR restraints: Bond =    0.000   Angle =     0.000   Torsion =     0.000
===============================================================================

 NSTEP =    10000   TIME(PS) =      20.000  TEMP(K) =   302.88  PRESS =     0.0
 Etot   =     -4360.9681  EKtot   =      1087.2924  EPtot      =     -5448.2605
 BOND   =         0.0000  ANGLE   =         0.0000  DIHED      =         0.0000
 1-4 NB =         0.0000  1-4 EEL =         0.0000  VDWAALS    =       846.6650
 EELEC  =     -6294.9254  EHBOND  =         0.0000  RESTRAINT  =         0.0000
 Ewald error estimate:   0.2549E-03
 ------------------------------------------------------------------------------

 NMR restraints: Bond =    0.000   Angle =     0.000   Torsion =     0.000
===============================================================================

      A V E R A G E S   O V E R   10000 S T E P S


 NSTEP =    10000   TIME(PS) =      20.000  TEMP(K) =   157.34  PRESS =     0.0
 Etot   =     -5672.9076  EKtot   =       564.8224  EPtot      =     -6237.7300
 BOND   =         0.0000  ANGLE   =         0.0000  DIHED      =         0.0000
 1-4 NB =         0.0000  1-4 EEL =         0.0000  VDWAALS    =      1185.2780
 EELEC  =     -7423.0079  EHBOND  =         0.0000  RESTRAINT  =         0.0000
 Ewald error estimate:   0.2524E-03
 ------------------------------------------------------------------------------

 NMR restraints: Bond =    0.000   Angle =     0.000   Torsion =     0.000
===============================================================================

      R M S  F L U C T U A T I O N S


 NSTEP =    10000   TIME(PS) =      20.000  TEMP(K) =    91.98  PRESS =     0.0
 Etot   =       749.5648  EKtot   =       330.2117  EPtot      =       424.9062
 BOND   =         0.0000  ANGLE   =         0.0000  DIHED      =         0.0000
 1-4 NB =         0.0000  1-4 EEL =         0.0000  VDWAALS    =       180.5673
 EELEC  =       603.1494  EHBOND  =         0.0000  RESTRAINT  =         0.0000
 Ewald error estimate:   0.1747E-03
 ------------------------------------------------------------------------------


 NMR restraints on final step:


--------------------------------------------------------------------------------
   5.  TIMINGS
--------------------------------------------------------------------------------

|>>>>>>>>PROFILE of Average TIMES>>>>>>>>> 
|                Build the list             1.03 (95.92% of List )
|                Other                      0.04 ( 4.08% of List )
|             List time                  1.07 ( 4.53% of Nonbo)
|                   Short_ene time            13.02 (97.10% of Direc)
|                   Other                      0.39 ( 2.90% of Direc)
|                Direct Ewald time         13.41 (59.35% of Ewald)
|                Adjust Ewald time          0.12 ( 0.52% of Ewald)
|                   Fill Bspline coeffs        0.37 ( 7.17% of Recip)
|                   Fill charge grid           0.52 (10.22% of Recip)
|                   Scalar sum                 0.81 (15.80% of Recip)
|                   Grad sum                   1.02 (19.84% of Recip)
|                      FFT back comm time         0.22 (10.02% of FFT t)
|                      Other                      1.94 (89.98% of FFT t)
|                   FFT time                   2.16 (42.07% of Recip)
|                   Other                      0.25 ( 4.90% of Recip)
|                Recip Ewald time           5.12 (22.68% of Ewald)
|                Force Adjust               3.86 (17.07% of Ewald)
|                Virial junk                0.08 ( 0.34% of Ewald)
|                Other                      0.01 ( 0.03% of Ewald)
|             Ewald time                22.59 (95.46% of Nonbo)
|             Other                      0.00 ( 0.01% of Nonbo)
|          Nonbond force             23.66 (99.27% of Force)
|          Bond/Angle/Dihedral        0.00 ( 0.01% of Force)
|          FRC Collect time           0.13 ( 0.55% of Force)
|          Other                      0.04 ( 0.17% of Force)
|       Force time                23.84 (93.97% of Runmd)
|       Shake time                 0.17 ( 0.68% of Runmd)
|       Verlet update time         1.25 ( 4.91% of Runmd)
|       CRD distribute time        0.05 ( 0.18% of Runmd)
|       Other                      0.06 ( 0.25% of Runmd)
|    Runmd Time                25.37 (100.0% of Total)
|    Other                      0.02 ( 0.06% of Total)
| Total time                25.38 (100.0% of ALL  )

| Number of list builds   :        511

| Highest rstack allocated:      44926
| Highest istack allocated:        882

| Final Performance Info:
| -----------------------------------------------------
| Average timings for all steps:
|     Elapsed(s) =      25.37 Per Step(ms) =       2.54
|         ns/day =      68.12   seconds/ns =    1268.40
| -----------------------------------------------------

|           Job began  at 15:21:52.016  on 10/21/2021
|           Setup done at 15:21:52.032  on 10/21/2021
|           Run   done at 15:22:17.400  on 10/21/2021
|     wallclock() was called  551179 times

|3D-RISM memory allocation summary
|Type          Maximum        Current   
|Integer       0.00000 GB     0.00000 GB
|Real          0.00000 GB     0.00000 GB
|Logical       0.00000 GB     0.00000 GB
|Character     0.00000 GB     0.00000 GB
|---------------------------------------
|Total         0.00000 GB     0.00000 GB
