
          -------------------------------------------------------
          Amber 21 SANDER                              2021
          -------------------------------------------------------

| Run on 10/21/2021 at 15:04:34

|   Executable path: /home/emanuele/chemical_software/amber20/bin/sander.MPI
| Working directory: /home/emanuele/Postdoc_Pisa/results/force_field/test_xforce/water
|          Hostname: Unknown
  [-O]verwriting output

File Assignments:
|  MDIN: 02_Heat.in                                                            
| MDOUT: 02_Heat.out                                                           
|INPCRD: 01_Min.ncrst                                                          
|  PARM: wat.prmtop                                                            
|RESTRT: 02_Heat.ncrst                                                         
|  REFC: refc                                                                  
| MDVEL: mdvel                                                                 
| MDFRC: mdfrc                                                                 
|  MDEN: mden                                                                  
| MDCRD: 02_Heat.nc                                                            
|MDINFO: 02_Heat.mdinfo                                                        
|  MTMD: mtmd                                                                  
|INPDIP: inpdip                                                                
|RSTDIP: rstdip                                                                
|INPTRA: inptraj                                                               

|    REMLOG: rem.log
|   REMTYPE: rem.type
|  REMSTRIP: 
|   SAVEENE: saveene
|CLUSTERINF: cluster.info
| RESERVOIR: reserv/frame
|   REMDDIM: 


 Here is the input file:

Heat                                                                           
 &cntrl                                                                        
  imin=0,                                                                      
  ntx=1,                                                                       
  irest=0,                                                                     
  nstlim=10000,                                                                
  dt=0.002,                                                                    
  ntf=2,                                                                       
  ntc=2,                                                                       
  tempi=0.0,                                                                   
  temp0=300.0,                                                                 
  ntpr=100,                                                                    
  ntwx=100,                                                                    
  cut=8.0,                                                                     
  ntb=1,                                                                       
  ntp=0,                                                                       
  ntt=3,                                                                       
  gamma_ln=2.0,                                                                
  nmropt=1,                                                                    
  ig=-1,                                                                       
 /                                                                             
&wt type='TEMP0', istep1=0, istep2=9000, value1=0.0, value2=300.0 /            
&wt type='TEMP0', istep1=9001, istep2=10000, value1=300.0, value2=300.0 /      
&wt type='END' /                                                               

--------------------------------------------------------------------------------
   1.  RESOURCE   USE: 
--------------------------------------------------------------------------------

| Flags: MPI                                                                    
 getting box info from netcdf restart file
| NetCDF restart box info found
|Largest sphere to fit in unit cell has radius =    15.138
| New format PARM file being parsed.
| Version =    1.000 Date = 10/21/21 Time = 15:03:21
 NATOM  =    1806 NTYPES =       2 NBONH =    1805 MBONA  =       0
 NTHETH =       0 MTHETA =       0 NPHIH =       0 MPHIA  =       0
 NHPARM =       0 NPARM  =       0 NNB   =    2408 NRES   =     602
 NBONA  =       0 NTHETA =       0 NPHIA =       0 NUMBND =       2
 NUMANG =       0 NPTRA  =       0 NATYP =       2 NPHB   =       0
 IFBOX  =       1 NMXRS  =       3 IFCAP =       0 NEXTRA =       0
 NCOPY  =       0


|     Memory Use     Allocated
|     Real              711305
|     Hollerith           6022
|     Integer            60990
|     Max Pairs         301000
|     nblistReal         21672
|     nblist Int         90885
|       Total             7518 kbytes

| Note: 1-4 EEL scale factors are being read from the topology file.

| Note: 1-4 VDW scale factors are being read from the topology file.
| Duplicated    0 dihedrals
| Duplicated    0 dihedrals

     BOX TYPE: RECTILINEAR
Note: ig = -1. Setting random seed to   600978 based on wallclock time in microseconds
      and disabling the synchronization of random numbers between tasks
      to improve performance.

--------------------------------------------------------------------------------
   2.  CONTROL  DATA  FOR  THE  RUN
--------------------------------------------------------------------------------

default_name                                                                    

General flags:
     imin    =       0, nmropt  =       1

Nature and format of input:
     ntx     =       1, irest   =       0, ntrx    =       1

Nature and format of output:
     ntxo    =       2, ntpr    =     100, ntrx    =       1, ntwr    =   10000
     iwrap   =       0, ntwx    =     100, ntwv    =       0, ntwe    =       0
     ioutfm  =       1, ntwprt  =       0, idecomp =       0, rbornstat=      0

Potential function:
     ntf     =       2, ntb     =       1, igb     =       0, nsnb    =      25
     ipol    =       0, gbsa    =       0, iesp    =       0
     dielc   =   1.00000, cut     =   8.00000, intdiel =   1.00000

Frozen or restrained atoms:
     ibelly  =       0, ntr     =       0

Molecular dynamics:
     nstlim  =     10000, nscm    =      1000, nrespa  =         1
     t       =   0.00000, dt      =   0.00200, vlimit  =  20.00000

Langevin dynamics temperature regulation:
     ig      =  600978
     temp0   = 300.00000, tempi   =   0.00000, gamma_ln=   2.00000

SHAKE:
     ntc     =       2, jfastw  =       0
     tol     =   0.00001

NMR refinement options:
     iscale  =       0, noeskp  =       1, ipnlty  =       1, mxsub   =       1
     scalm   = 100.00000, pencut  =   0.10000, tausw   =   0.10000

Ewald parameters:
     verbose =       0, ew_type =       0, nbflag  =       1, use_pme =       1
     vdwmeth =       1, eedmeth =       1, netfrc  =       1
     Box X =   30.975   Box Y =   30.511   Box Z =   30.276
     Alpha =   90.000   Beta  =   90.000   Gamma =   90.000
     NFFT1 =   30       NFFT2 =   30       NFFT3 =   30
     Cutoff=    8.000   Tol   =0.100E-04
     Ewald Coefficient =  0.34864
     Interpolation order =    4

| MPI Timing options:
|      profile_mpi =        0
|  INFO: Old style inpcrd file read


--------------------------------------------------------------------------------
   3.  ATOMIC COORDINATES AND VELOCITIES
--------------------------------------------------------------------------------

default_name                                                                    
 begin time read from input coords =     0.000 ps



           Begin reading energy term weight changes/NMR restraints
 WEIGHT CHANGES:
 TEMP0         0   9000    0.000000  300.000000      0      0
 TEMP0      9001  10000  300.000000  300.000000      0      0

 RESTRAINTS:
                          ** No restraint defined **

                  Done reading weight changes/NMR restraints


 Number of triangulated 3-point waters found:      601
|  Atom division among processors:
|         0     453     903    1353    1806

     Sum of charges from parm topology file =  -0.00000000
     Forcing neutrality...
|  Running AMBER/MPI version on    4 nodes


--------------------------------------------------------------------------------
   4.  RESULTS
--------------------------------------------------------------------------------

|  # of SOLUTE  degrees of freedom (RNDFP):    3613.
|  # of SOLVENT degrees of freedom (RNDFS):       0.
|  NDFMIN =    3613.     NUM_NOSHAKE =      0     CORRECTED RNDFP =    3613.
|  TOTAL # of degrees of freedom (RNDF) =    3613.
 ---------------------------------------------------
 APPROXIMATING switch and d/dx switch using CUBIC SPLINE INTERPOLATION
 using   5000.0 points per unit in tabled values
 TESTING RELATIVE ERROR over r ranging from 0.0 to cutoff
| CHECK switch(x): max rel err =   0.2738E-14   at   2.422500
| CHECK d/dx switch(x): max rel err =   0.8332E-11   at   2.782960
 ---------------------------------------------------
| Local SIZE OF NONBOND LIST =      86526
| TOTAL SIZE OF NONBOND LIST =     271882

 NSTEP =        0   TIME(PS) =       0.000  TEMP(K) =     0.00  PRESS =     0.0
 Etot   =     -7830.2315  EKtot   =         0.0000  EPtot      =     -7830.2315
 BOND   =         0.0000  ANGLE   =         0.0000  DIHED      =         0.0000
 1-4 NB =         0.0000  1-4 EEL =         0.0000  VDWAALS    =      1752.5873
 EELEC  =     -9582.8187  EHBOND  =         0.0000  RESTRAINT  =         0.0000
 Ewald error estimate:   0.3007E-03
 ------------------------------------------------------------------------------

 NMR restraints: Bond =    0.000   Angle =     0.000   Torsion =     0.000
===============================================================================

 NSTEP =      100   TIME(PS) =       0.200  TEMP(K) =     8.17  PRESS =     0.0
 Etot   =     -6648.9805  EKtot   =        29.3185  EPtot      =     -6678.2990
 BOND   =         0.0000  ANGLE   =         0.0000  DIHED      =         0.0000
 1-4 NB =         0.0000  1-4 EEL =         0.0000  VDWAALS    =      1301.2388
 EELEC  =     -7979.5378  EHBOND  =         0.0000  RESTRAINT  =         0.0000
 Ewald error estimate:   0.1191E-03
 ------------------------------------------------------------------------------

 NMR restraints: Bond =    0.000   Angle =     0.000   Torsion =     0.000
===============================================================================

 NSTEP =      200   TIME(PS) =       0.400  TEMP(K) =    10.74  PRESS =     0.0
 Etot   =     -6663.0717  EKtot   =        38.5468  EPtot      =     -6701.6184
 BOND   =         0.0000  ANGLE   =         0.0000  DIHED      =         0.0000
 1-4 NB =         0.0000  1-4 EEL =         0.0000  VDWAALS    =      1416.1740
 EELEC  =     -8117.7924  EHBOND  =         0.0000  RESTRAINT  =         0.0000
 Ewald error estimate:   0.3073E-03
 ------------------------------------------------------------------------------

 NMR restraints: Bond =    0.000   Angle =     0.000   Torsion =     0.000
===============================================================================

 NSTEP =      300   TIME(PS) =       0.600  TEMP(K) =    12.31  PRESS =     0.0
 Etot   =     -6672.7702  EKtot   =        44.2065  EPtot      =     -6716.9767
 BOND   =         0.0000  ANGLE   =         0.0000  DIHED      =         0.0000
 1-4 NB =         0.0000  1-4 EEL =         0.0000  VDWAALS    =      1413.3120
 EELEC  =     -8130.2887  EHBOND  =         0.0000  RESTRAINT  =         0.0000
 Ewald error estimate:   0.4918E-03
 ------------------------------------------------------------------------------

 NMR restraints: Bond =    0.000   Angle =     0.000   Torsion =     0.000
===============================================================================

 NSTEP =      400   TIME(PS) =       0.800  TEMP(K) =    13.34  PRESS =     0.0
 Etot   =     -6676.3228  EKtot   =        47.8933  EPtot      =     -6724.2161
 BOND   =         0.0000  ANGLE   =         0.0000  DIHED      =         0.0000
 1-4 NB =         0.0000  1-4 EEL =         0.0000  VDWAALS    =      1417.6267
 EELEC  =     -8141.8428  EHBOND  =         0.0000  RESTRAINT  =         0.0000
 Ewald error estimate:   0.5354E-03
 ------------------------------------------------------------------------------

 NMR restraints: Bond =    0.000   Angle =     0.000   Torsion =     0.000
===============================================================================

 NSTEP =      500   TIME(PS) =       1.000  TEMP(K) =    16.61  PRESS =     0.0
 Etot   =     -6670.9869  EKtot   =        59.6325  EPtot      =     -6730.6194
 BOND   =         0.0000  ANGLE   =         0.0000  DIHED      =         0.0000
 1-4 NB =         0.0000  1-4 EEL =         0.0000  VDWAALS    =      1426.5021
 EELEC  =     -8157.1216  EHBOND  =         0.0000  RESTRAINT  =         0.0000
 Ewald error estimate:   0.7389E-03
 ------------------------------------------------------------------------------

 NMR restraints: Bond =    0.000   Angle =     0.000   Torsion =     0.000
===============================================================================

 NSTEP =      600   TIME(PS) =       1.200  TEMP(K) =    18.22  PRESS =     0.0
 Etot   =     -6669.1515  EKtot   =        65.4036  EPtot      =     -6734.5551
 BOND   =         0.0000  ANGLE   =         0.0000  DIHED      =         0.0000
 1-4 NB =         0.0000  1-4 EEL =         0.0000  VDWAALS    =      1410.5571
 EELEC  =     -8145.1122  EHBOND  =         0.0000  RESTRAINT  =         0.0000
 Ewald error estimate:   0.8211E-03
 ------------------------------------------------------------------------------

 NMR restraints: Bond =    0.000   Angle =     0.000   Torsion =     0.000
===============================================================================

 NSTEP =      700   TIME(PS) =       1.400  TEMP(K) =    20.08  PRESS =     0.0
 Etot   =     -6663.9867  EKtot   =        72.0788  EPtot      =     -6736.0654
 BOND   =         0.0000  ANGLE   =         0.0000  DIHED      =         0.0000
 1-4 NB =         0.0000  1-4 EEL =         0.0000  VDWAALS    =      1395.3366
 EELEC  =     -8131.4021  EHBOND  =         0.0000  RESTRAINT  =         0.0000
 Ewald error estimate:   0.6065E-03
 ------------------------------------------------------------------------------

 NMR restraints: Bond =    0.000   Angle =     0.000   Torsion =     0.000
===============================================================================

 NSTEP =      800   TIME(PS) =       1.600  TEMP(K) =    21.79  PRESS =     0.0
 Etot   =     -6654.1847  EKtot   =        78.2378  EPtot      =     -6732.4225
 BOND   =         0.0000  ANGLE   =         0.0000  DIHED      =         0.0000
 1-4 NB =         0.0000  1-4 EEL =         0.0000  VDWAALS    =      1392.7098
 EELEC  =     -8125.1323  EHBOND  =         0.0000  RESTRAINT  =         0.0000
 Ewald error estimate:   0.6883E-03
 ------------------------------------------------------------------------------

 NMR restraints: Bond =    0.000   Angle =     0.000   Torsion =     0.000
===============================================================================

 NSTEP =      900   TIME(PS) =       1.800  TEMP(K) =    24.71  PRESS =     0.0
 Etot   =     -6640.1715  EKtot   =        88.6922  EPtot      =     -6728.8637
 BOND   =         0.0000  ANGLE   =         0.0000  DIHED      =         0.0000
 1-4 NB =         0.0000  1-4 EEL =         0.0000  VDWAALS    =      1402.4740
 EELEC  =     -8131.3377  EHBOND  =         0.0000  RESTRAINT  =         0.0000
 Ewald error estimate:   0.5030E-03
 ------------------------------------------------------------------------------

 NMR restraints: Bond =    0.000   Angle =     0.000   Torsion =     0.000
===============================================================================

 NSTEP =     1000   TIME(PS) =       2.000  TEMP(K) =    27.60  PRESS =     0.0
 Etot   =     -6624.7349  EKtot   =        99.0750  EPtot      =     -6723.8099
 BOND   =         0.0000  ANGLE   =         0.0000  DIHED      =         0.0000
 1-4 NB =         0.0000  1-4 EEL =         0.0000  VDWAALS    =      1395.8855
 EELEC  =     -8119.6954  EHBOND  =         0.0000  RESTRAINT  =         0.0000
 Ewald error estimate:   0.5010E-03
 ------------------------------------------------------------------------------

 NMR restraints: Bond =    0.000   Angle =     0.000   Torsion =     0.000
===============================================================================

 NSTEP =     1100   TIME(PS) =       2.200  TEMP(K) =    28.67  PRESS =     0.0
 Etot   =     -6607.9153  EKtot   =       102.9036  EPtot      =     -6710.8189
 BOND   =         0.0000  ANGLE   =         0.0000  DIHED      =         0.0000
 1-4 NB =         0.0000  1-4 EEL =         0.0000  VDWAALS    =      1375.1259
 EELEC  =     -8085.9448  EHBOND  =         0.0000  RESTRAINT  =         0.0000
 Ewald error estimate:   0.4775E-03
 ------------------------------------------------------------------------------

 NMR restraints: Bond =    0.000   Angle =     0.000   Torsion =     0.000
===============================================================================

 NSTEP =     1200   TIME(PS) =       2.400  TEMP(K) =    33.62  PRESS =     0.0
 Etot   =     -6586.4034  EKtot   =       120.7060  EPtot      =     -6707.1094
 BOND   =         0.0000  ANGLE   =         0.0000  DIHED      =         0.0000
 1-4 NB =         0.0000  1-4 EEL =         0.0000  VDWAALS    =      1379.8101
 EELEC  =     -8086.9195  EHBOND  =         0.0000  RESTRAINT  =         0.0000
 Ewald error estimate:   0.5070E-03
 ------------------------------------------------------------------------------

 NMR restraints: Bond =    0.000   Angle =     0.000   Torsion =     0.000
===============================================================================

 NSTEP =     1300   TIME(PS) =       2.600  TEMP(K) =    34.92  PRESS =     0.0
 Etot   =     -6567.8990  EKtot   =       125.3664  EPtot      =     -6693.2654
 BOND   =         0.0000  ANGLE   =         0.0000  DIHED      =         0.0000
 1-4 NB =         0.0000  1-4 EEL =         0.0000  VDWAALS    =      1383.9979
 EELEC  =     -8077.2633  EHBOND  =         0.0000  RESTRAINT  =         0.0000
 Ewald error estimate:   0.4182E-03
 ------------------------------------------------------------------------------

 NMR restraints: Bond =    0.000   Angle =     0.000   Torsion =     0.000
===============================================================================

 NSTEP =     1400   TIME(PS) =       2.800  TEMP(K) =    41.23  PRESS =     0.0
 Etot   =     -6535.2233  EKtot   =       148.0267  EPtot      =     -6683.2500
 BOND   =         0.0000  ANGLE   =         0.0000  DIHED      =         0.0000
 1-4 NB =         0.0000  1-4 EEL =         0.0000  VDWAALS    =      1367.8727
 EELEC  =     -8051.1227  EHBOND  =         0.0000  RESTRAINT  =         0.0000
 Ewald error estimate:   0.5151E-03
 ------------------------------------------------------------------------------

 NMR restraints: Bond =    0.000   Angle =     0.000   Torsion =     0.000
===============================================================================

 NSTEP =     1500   TIME(PS) =       3.000  TEMP(K) =    45.07  PRESS =     0.0
 Etot   =     -6512.1965  EKtot   =       161.8044  EPtot      =     -6674.0009
 BOND   =         0.0000  ANGLE   =         0.0000  DIHED      =         0.0000
 1-4 NB =         0.0000  1-4 EEL =         0.0000  VDWAALS    =      1381.9462
 EELEC  =     -8055.9471  EHBOND  =         0.0000  RESTRAINT  =         0.0000
 Ewald error estimate:   0.5296E-03
 ------------------------------------------------------------------------------

 NMR restraints: Bond =    0.000   Angle =     0.000   Torsion =     0.000
===============================================================================

 NSTEP =     1600   TIME(PS) =       3.200  TEMP(K) =    47.34  PRESS =     0.0
 Etot   =     -6490.4065  EKtot   =       169.9566  EPtot      =     -6660.3632
 BOND   =         0.0000  ANGLE   =         0.0000  DIHED      =         0.0000
 1-4 NB =         0.0000  1-4 EEL =         0.0000  VDWAALS    =      1360.3397
 EELEC  =     -8020.7029  EHBOND  =         0.0000  RESTRAINT  =         0.0000
 Ewald error estimate:   0.2987E-03
 ------------------------------------------------------------------------------

 NMR restraints: Bond =    0.000   Angle =     0.000   Torsion =     0.000
===============================================================================

 NSTEP =     1700   TIME(PS) =       3.400  TEMP(K) =    51.27  PRESS =     0.0
 Etot   =     -6467.9446  EKtot   =       184.0382  EPtot      =     -6651.9828
 BOND   =         0.0000  ANGLE   =         0.0000  DIHED      =         0.0000
 1-4 NB =         0.0000  1-4 EEL =         0.0000  VDWAALS    =      1344.4970
 EELEC  =     -7996.4797  EHBOND  =         0.0000  RESTRAINT  =         0.0000
 Ewald error estimate:   0.3498E-03
 ------------------------------------------------------------------------------

 NMR restraints: Bond =    0.000   Angle =     0.000   Torsion =     0.000
===============================================================================

 NSTEP =     1800   TIME(PS) =       3.600  TEMP(K) =    52.65  PRESS =     0.0
 Etot   =     -6460.1838  EKtot   =       189.0182  EPtot      =     -6649.2020
 BOND   =         0.0000  ANGLE   =         0.0000  DIHED      =         0.0000
 1-4 NB =         0.0000  1-4 EEL =         0.0000  VDWAALS    =      1371.9804
 EELEC  =     -8021.1824  EHBOND  =         0.0000  RESTRAINT  =         0.0000
 Ewald error estimate:   0.8808E-03
 ------------------------------------------------------------------------------

 NMR restraints: Bond =    0.000   Angle =     0.000   Torsion =     0.000
===============================================================================

 NSTEP =     1900   TIME(PS) =       3.800  TEMP(K) =    54.28  PRESS =     0.0
 Etot   =     -6444.7632  EKtot   =       194.8687  EPtot      =     -6639.6319
 BOND   =         0.0000  ANGLE   =         0.0000  DIHED      =         0.0000
 1-4 NB =         0.0000  1-4 EEL =         0.0000  VDWAALS    =      1330.0469
 EELEC  =     -7969.6788  EHBOND  =         0.0000  RESTRAINT  =         0.0000
 Ewald error estimate:   0.1800E-03
 ------------------------------------------------------------------------------

 NMR restraints: Bond =    0.000   Angle =     0.000   Torsion =     0.000
===============================================================================

 NSTEP =     2000   TIME(PS) =       4.000  TEMP(K) =    60.21  PRESS =     0.0
 Etot   =     -6427.5935  EKtot   =       216.1318  EPtot      =     -6643.7253
 BOND   =         0.0000  ANGLE   =         0.0000  DIHED      =         0.0000
 1-4 NB =         0.0000  1-4 EEL =         0.0000  VDWAALS    =      1345.0276
 EELEC  =     -7988.7529  EHBOND  =         0.0000  RESTRAINT  =         0.0000
 Ewald error estimate:   0.5400E-03
 ------------------------------------------------------------------------------

 NMR restraints: Bond =    0.000   Angle =     0.000   Torsion =     0.000
===============================================================================

 NSTEP =     2100   TIME(PS) =       4.200  TEMP(K) =    61.63  PRESS =     0.0
 Etot   =     -6404.5667  EKtot   =       221.2383  EPtot      =     -6625.8050
 BOND   =         0.0000  ANGLE   =         0.0000  DIHED      =         0.0000
 1-4 NB =         0.0000  1-4 EEL =         0.0000  VDWAALS    =      1332.0120
 EELEC  =     -7957.8170  EHBOND  =         0.0000  RESTRAINT  =         0.0000
 Ewald error estimate:   0.3041E-03
 ------------------------------------------------------------------------------

 NMR restraints: Bond =    0.000   Angle =     0.000   Torsion =     0.000
===============================================================================

 NSTEP =     2200   TIME(PS) =       4.400  TEMP(K) =    63.27  PRESS =     0.0
 Etot   =     -6396.6321  EKtot   =       227.1391  EPtot      =     -6623.7712
 BOND   =         0.0000  ANGLE   =         0.0000  DIHED      =         0.0000
 1-4 NB =         0.0000  1-4 EEL =         0.0000  VDWAALS    =      1333.6705
 EELEC  =     -7957.4417  EHBOND  =         0.0000  RESTRAINT  =         0.0000
 Ewald error estimate:   0.4501E-03
 ------------------------------------------------------------------------------

 NMR restraints: Bond =    0.000   Angle =     0.000   Torsion =     0.000
===============================================================================

 NSTEP =     2300   TIME(PS) =       4.600  TEMP(K) =    66.59  PRESS =     0.0
 Etot   =     -6384.3326  EKtot   =       239.0593  EPtot      =     -6623.3919
 BOND   =         0.0000  ANGLE   =         0.0000  DIHED      =         0.0000
 1-4 NB =         0.0000  1-4 EEL =         0.0000  VDWAALS    =      1385.4293
 EELEC  =     -8008.8212  EHBOND  =         0.0000  RESTRAINT  =         0.0000
 Ewald error estimate:   0.4545E-03
 ------------------------------------------------------------------------------

 NMR restraints: Bond =    0.000   Angle =     0.000   Torsion =     0.000
===============================================================================

 NSTEP =     2400   TIME(PS) =       4.800  TEMP(K) =    70.73  PRESS =     0.0
 Etot   =     -6361.4372  EKtot   =       253.9182  EPtot      =     -6615.3555
 BOND   =         0.0000  ANGLE   =         0.0000  DIHED      =         0.0000
 1-4 NB =         0.0000  1-4 EEL =         0.0000  VDWAALS    =      1317.4923
 EELEC  =     -7932.8477  EHBOND  =         0.0000  RESTRAINT  =         0.0000
 Ewald error estimate:   0.5815E-03
 ------------------------------------------------------------------------------

 NMR restraints: Bond =    0.000   Angle =     0.000   Torsion =     0.000
===============================================================================

 NSTEP =     2500   TIME(PS) =       5.000  TEMP(K) =    76.86  PRESS =     0.0
 Etot   =     -6337.1038  EKtot   =       275.9214  EPtot      =     -6613.0253
 BOND   =         0.0000  ANGLE   =         0.0000  DIHED      =         0.0000
 1-4 NB =         0.0000  1-4 EEL =         0.0000  VDWAALS    =      1382.3447
 EELEC  =     -7995.3699  EHBOND  =         0.0000  RESTRAINT  =         0.0000
 Ewald error estimate:   0.5344E-03
 ------------------------------------------------------------------------------

 NMR restraints: Bond =    0.000   Angle =     0.000   Torsion =     0.000
===============================================================================

 NSTEP =     2600   TIME(PS) =       5.200  TEMP(K) =    81.39  PRESS =     0.0
 Etot   =     -6309.6201  EKtot   =       292.1769  EPtot      =     -6601.7970
 BOND   =         0.0000  ANGLE   =         0.0000  DIHED      =         0.0000
 1-4 NB =         0.0000  1-4 EEL =         0.0000  VDWAALS    =      1316.3239
 EELEC  =     -7918.1209  EHBOND  =         0.0000  RESTRAINT  =         0.0000
 Ewald error estimate:   0.3989E-03
 ------------------------------------------------------------------------------

 NMR restraints: Bond =    0.000   Angle =     0.000   Torsion =     0.000
===============================================================================

 NSTEP =     2700   TIME(PS) =       5.400  TEMP(K) =    81.92  PRESS =     0.0
 Etot   =     -6294.9146  EKtot   =       294.0898  EPtot      =     -6589.0044
 BOND   =         0.0000  ANGLE   =         0.0000  DIHED      =         0.0000
 1-4 NB =         0.0000  1-4 EEL =         0.0000  VDWAALS    =      1363.9339
 EELEC  =     -7952.9383  EHBOND  =         0.0000  RESTRAINT  =         0.0000
 Ewald error estimate:   0.2719E-03
 ------------------------------------------------------------------------------

 NMR restraints: Bond =    0.000   Angle =     0.000   Torsion =     0.000
===============================================================================

 NSTEP =     2800   TIME(PS) =       5.600  TEMP(K) =    83.24  PRESS =     0.0
 Etot   =     -6275.2934  EKtot   =       298.8035  EPtot      =     -6574.0968
 BOND   =         0.0000  ANGLE   =         0.0000  DIHED      =         0.0000
 1-4 NB =         0.0000  1-4 EEL =         0.0000  VDWAALS    =      1354.1436
 EELEC  =     -7928.2404  EHBOND  =         0.0000  RESTRAINT  =         0.0000
 Ewald error estimate:   0.1208E-03
 ------------------------------------------------------------------------------

 NMR restraints: Bond =    0.000   Angle =     0.000   Torsion =     0.000
===============================================================================

 NSTEP =     2900   TIME(PS) =       5.800  TEMP(K) =    92.22  PRESS =     0.0
 Etot   =     -6240.7605  EKtot   =       331.0653  EPtot      =     -6571.8258
 BOND   =         0.0000  ANGLE   =         0.0000  DIHED      =         0.0000
 1-4 NB =         0.0000  1-4 EEL =         0.0000  VDWAALS    =      1346.3442
 EELEC  =     -7918.1699  EHBOND  =         0.0000  RESTRAINT  =         0.0000
 Ewald error estimate:   0.2886E-03
 ------------------------------------------------------------------------------

 NMR restraints: Bond =    0.000   Angle =     0.000   Torsion =     0.000
===============================================================================

 NSTEP =     3000   TIME(PS) =       6.000  TEMP(K) =    94.74  PRESS =     0.0
 Etot   =     -6225.6043  EKtot   =       340.0991  EPtot      =     -6565.7034
 BOND   =         0.0000  ANGLE   =         0.0000  DIHED      =         0.0000
 1-4 NB =         0.0000  1-4 EEL =         0.0000  VDWAALS    =      1299.7887
 EELEC  =     -7865.4921  EHBOND  =         0.0000  RESTRAINT  =         0.0000
 Ewald error estimate:   0.2378E-03
 ------------------------------------------------------------------------------

 NMR restraints: Bond =    0.000   Angle =     0.000   Torsion =     0.000
===============================================================================

 NSTEP =     3100   TIME(PS) =       6.200  TEMP(K) =    95.43  PRESS =     0.0
 Etot   =     -6206.5388  EKtot   =       342.5835  EPtot      =     -6549.1223
 BOND   =         0.0000  ANGLE   =         0.0000  DIHED      =         0.0000
 1-4 NB =         0.0000  1-4 EEL =         0.0000  VDWAALS    =      1355.3450
 EELEC  =     -7904.4673  EHBOND  =         0.0000  RESTRAINT  =         0.0000
 Ewald error estimate:   0.2639E-03
 ------------------------------------------------------------------------------

 NMR restraints: Bond =    0.000   Angle =     0.000   Torsion =     0.000
===============================================================================

 NSTEP =     3200   TIME(PS) =       6.400  TEMP(K) =    97.30  PRESS =     0.0
 Etot   =     -6178.0462  EKtot   =       349.2841  EPtot      =     -6527.3303
 BOND   =         0.0000  ANGLE   =         0.0000  DIHED      =         0.0000
 1-4 NB =         0.0000  1-4 EEL =         0.0000  VDWAALS    =      1259.8199
 EELEC  =     -7787.1502  EHBOND  =         0.0000  RESTRAINT  =         0.0000
 Ewald error estimate:   0.1909E-03
 ------------------------------------------------------------------------------

 NMR restraints: Bond =    0.000   Angle =     0.000   Torsion =     0.000
===============================================================================

 NSTEP =     3300   TIME(PS) =       6.600  TEMP(K) =   104.85  PRESS =     0.0
 Etot   =     -6155.9607  EKtot   =       376.4032  EPtot      =     -6532.3640
 BOND   =         0.0000  ANGLE   =         0.0000  DIHED      =         0.0000
 1-4 NB =         0.0000  1-4 EEL =         0.0000  VDWAALS    =      1320.4764
 EELEC  =     -7852.8404  EHBOND  =         0.0000  RESTRAINT  =         0.0000
 Ewald error estimate:   0.5434E-03
 ------------------------------------------------------------------------------

 NMR restraints: Bond =    0.000   Angle =     0.000   Torsion =     0.000
===============================================================================

 NSTEP =     3400   TIME(PS) =       6.800  TEMP(K) =   107.85  PRESS =     0.0
 Etot   =     -6130.6038  EKtot   =       387.1718  EPtot      =     -6517.7757
 BOND   =         0.0000  ANGLE   =         0.0000  DIHED      =         0.0000
 1-4 NB =         0.0000  1-4 EEL =         0.0000  VDWAALS    =      1290.8552
 EELEC  =     -7808.6309  EHBOND  =         0.0000  RESTRAINT  =         0.0000
 Ewald error estimate:   0.6312E-03
 ------------------------------------------------------------------------------

 NMR restraints: Bond =    0.000   Angle =     0.000   Torsion =     0.000
===============================================================================

 NSTEP =     3500   TIME(PS) =       7.000  TEMP(K) =   110.01  PRESS =     0.0
 Etot   =     -6107.0730  EKtot   =       394.9324  EPtot      =     -6502.0054
 BOND   =         0.0000  ANGLE   =         0.0000  DIHED      =         0.0000
 1-4 NB =         0.0000  1-4 EEL =         0.0000  VDWAALS    =      1292.9502
 EELEC  =     -7794.9556  EHBOND  =         0.0000  RESTRAINT  =         0.0000
 Ewald error estimate:   0.4589E-03
 ------------------------------------------------------------------------------

 NMR restraints: Bond =    0.000   Angle =     0.000   Torsion =     0.000
===============================================================================

 NSTEP =     3600   TIME(PS) =       7.200  TEMP(K) =   108.71  PRESS =     0.0
 Etot   =     -6093.7932  EKtot   =       390.2476  EPtot      =     -6484.0408
 BOND   =         0.0000  ANGLE   =         0.0000  DIHED      =         0.0000
 1-4 NB =         0.0000  1-4 EEL =         0.0000  VDWAALS    =      1322.7143
 EELEC  =     -7806.7552  EHBOND  =         0.0000  RESTRAINT  =         0.0000
 Ewald error estimate:   0.3265E-03
 ------------------------------------------------------------------------------

 NMR restraints: Bond =    0.000   Angle =     0.000   Torsion =     0.000
===============================================================================

 NSTEP =     3700   TIME(PS) =       7.400  TEMP(K) =   111.81  PRESS =     0.0
 Etot   =     -6084.6826  EKtot   =       401.3773  EPtot      =     -6486.0600
 BOND   =         0.0000  ANGLE   =         0.0000  DIHED      =         0.0000
 1-4 NB =         0.0000  1-4 EEL =         0.0000  VDWAALS    =      1303.4549
 EELEC  =     -7789.5149  EHBOND  =         0.0000  RESTRAINT  =         0.0000
 Ewald error estimate:   0.2223E-03
 ------------------------------------------------------------------------------

 NMR restraints: Bond =    0.000   Angle =     0.000   Torsion =     0.000
===============================================================================

 NSTEP =     3800   TIME(PS) =       7.600  TEMP(K) =   117.88  PRESS =     0.0
 Etot   =     -6059.3029  EKtot   =       423.1765  EPtot      =     -6482.4794
 BOND   =         0.0000  ANGLE   =         0.0000  DIHED      =         0.0000
 1-4 NB =         0.0000  1-4 EEL =         0.0000  VDWAALS    =      1311.1884
 EELEC  =     -7793.6678  EHBOND  =         0.0000  RESTRAINT  =         0.0000
 Ewald error estimate:   0.4344E-03
 ------------------------------------------------------------------------------

 NMR restraints: Bond =    0.000   Angle =     0.000   Torsion =     0.000
===============================================================================

 NSTEP =     3900   TIME(PS) =       7.800  TEMP(K) =   125.91  PRESS =     0.0
 Etot   =     -6018.6226  EKtot   =       451.9971  EPtot      =     -6470.6197
 BOND   =         0.0000  ANGLE   =         0.0000  DIHED      =         0.0000
 1-4 NB =         0.0000  1-4 EEL =         0.0000  VDWAALS    =      1283.6705
 EELEC  =     -7754.2901  EHBOND  =         0.0000  RESTRAINT  =         0.0000
 Ewald error estimate:   0.4074E-03
 ------------------------------------------------------------------------------

 NMR restraints: Bond =    0.000   Angle =     0.000   Torsion =     0.000
===============================================================================

 NSTEP =     4000   TIME(PS) =       8.000  TEMP(K) =   127.88  PRESS =     0.0
 Etot   =     -5979.7284  EKtot   =       459.0640  EPtot      =     -6438.7924
 BOND   =         0.0000  ANGLE   =         0.0000  DIHED      =         0.0000
 1-4 NB =         0.0000  1-4 EEL =         0.0000  VDWAALS    =      1266.8165
 EELEC  =     -7705.6089  EHBOND  =         0.0000  RESTRAINT  =         0.0000
 Ewald error estimate:   0.1111E-03
 ------------------------------------------------------------------------------

 NMR restraints: Bond =    0.000   Angle =     0.000   Torsion =     0.000
===============================================================================

 NSTEP =     4100   TIME(PS) =       8.200  TEMP(K) =   128.75  PRESS =     0.0
 Etot   =     -5957.4021  EKtot   =       462.1836  EPtot      =     -6419.5857
 BOND   =         0.0000  ANGLE   =         0.0000  DIHED      =         0.0000
 1-4 NB =         0.0000  1-4 EEL =         0.0000  VDWAALS    =      1229.7813
 EELEC  =     -7649.3670  EHBOND  =         0.0000  RESTRAINT  =         0.0000
 Ewald error estimate:   0.3045E-03
 ------------------------------------------------------------------------------

 NMR restraints: Bond =    0.000   Angle =     0.000   Torsion =     0.000
===============================================================================

 NSTEP =     4200   TIME(PS) =       8.400  TEMP(K) =   131.72  PRESS =     0.0
 Etot   =     -5934.9444  EKtot   =       472.8401  EPtot      =     -6407.7846
 BOND   =         0.0000  ANGLE   =         0.0000  DIHED      =         0.0000
 1-4 NB =         0.0000  1-4 EEL =         0.0000  VDWAALS    =      1224.9679
 EELEC  =     -7632.7525  EHBOND  =         0.0000  RESTRAINT  =         0.0000
 Ewald error estimate:   0.4462E-03
 ------------------------------------------------------------------------------

 NMR restraints: Bond =    0.000   Angle =     0.000   Torsion =     0.000
===============================================================================

 NSTEP =     4300   TIME(PS) =       8.600  TEMP(K) =   132.89  PRESS =     0.0
 Etot   =     -5919.9843  EKtot   =       477.0423  EPtot      =     -6397.0266
 BOND   =         0.0000  ANGLE   =         0.0000  DIHED      =         0.0000
 1-4 NB =         0.0000  1-4 EEL =         0.0000  VDWAALS    =      1258.5948
 EELEC  =     -7655.6214  EHBOND  =         0.0000  RESTRAINT  =         0.0000
 Ewald error estimate:   0.6157E-03
 ------------------------------------------------------------------------------

 NMR restraints: Bond =    0.000   Angle =     0.000   Torsion =     0.000
===============================================================================

 NSTEP =     4400   TIME(PS) =       8.800  TEMP(K) =   128.67  PRESS =     0.0
 Etot   =     -5920.8534  EKtot   =       461.9115  EPtot      =     -6382.7649
 BOND   =         0.0000  ANGLE   =         0.0000  DIHED      =         0.0000
 1-4 NB =         0.0000  1-4 EEL =         0.0000  VDWAALS    =      1256.0002
 EELEC  =     -7638.7651  EHBOND  =         0.0000  RESTRAINT  =         0.0000
 Ewald error estimate:   0.4946E-03
 ------------------------------------------------------------------------------

 NMR restraints: Bond =    0.000   Angle =     0.000   Torsion =     0.000
===============================================================================

 NSTEP =     4500   TIME(PS) =       9.000  TEMP(K) =   134.68  PRESS =     0.0
 Etot   =     -5899.5047  EKtot   =       483.4821  EPtot      =     -6382.9867
 BOND   =         0.0000  ANGLE   =         0.0000  DIHED      =         0.0000
 1-4 NB =         0.0000  1-4 EEL =         0.0000  VDWAALS    =      1278.9505
 EELEC  =     -7661.9372  EHBOND  =         0.0000  RESTRAINT  =         0.0000
 Ewald error estimate:   0.5975E-03
 ------------------------------------------------------------------------------

 NMR restraints: Bond =    0.000   Angle =     0.000   Torsion =     0.000
===============================================================================

 NSTEP =     4600   TIME(PS) =       9.200  TEMP(K) =   140.94  PRESS =     0.0
 Etot   =     -5859.2894  EKtot   =       505.9619  EPtot      =     -6365.2513
 BOND   =         0.0000  ANGLE   =         0.0000  DIHED      =         0.0000
 1-4 NB =         0.0000  1-4 EEL =         0.0000  VDWAALS    =      1265.2511
 EELEC  =     -7630.5024  EHBOND  =         0.0000  RESTRAINT  =         0.0000
 Ewald error estimate:   0.2249E-03
 ------------------------------------------------------------------------------

 NMR restraints: Bond =    0.000   Angle =     0.000   Torsion =     0.000
===============================================================================

 NSTEP =     4700   TIME(PS) =       9.400  TEMP(K) =   148.60  PRESS =     0.0
 Etot   =     -5824.5535  EKtot   =       533.4706  EPtot      =     -6358.0241
 BOND   =         0.0000  ANGLE   =         0.0000  DIHED      =         0.0000
 1-4 NB =         0.0000  1-4 EEL =         0.0000  VDWAALS    =      1220.6819
 EELEC  =     -7578.7060  EHBOND  =         0.0000  RESTRAINT  =         0.0000
 Ewald error estimate:   0.1778E-03
 ------------------------------------------------------------------------------

 NMR restraints: Bond =    0.000   Angle =     0.000   Torsion =     0.000
===============================================================================

 NSTEP =     4800   TIME(PS) =       9.600  TEMP(K) =   152.14  PRESS =     0.0
 Etot   =     -5802.0333  EKtot   =       546.1762  EPtot      =     -6348.2095
 BOND   =         0.0000  ANGLE   =         0.0000  DIHED      =         0.0000
 1-4 NB =         0.0000  1-4 EEL =         0.0000  VDWAALS    =      1226.3603
 EELEC  =     -7574.5699  EHBOND  =         0.0000  RESTRAINT  =         0.0000
 Ewald error estimate:   0.6401E-03
 ------------------------------------------------------------------------------

 NMR restraints: Bond =    0.000   Angle =     0.000   Torsion =     0.000
===============================================================================

 NSTEP =     4900   TIME(PS) =       9.800  TEMP(K) =   152.72  PRESS =     0.0
 Etot   =     -5754.5146  EKtot   =       548.2486  EPtot      =     -6302.7632
 BOND   =         0.0000  ANGLE   =         0.0000  DIHED      =         0.0000
 1-4 NB =         0.0000  1-4 EEL =         0.0000  VDWAALS    =      1210.3043
 EELEC  =     -7513.0674  EHBOND  =         0.0000  RESTRAINT  =         0.0000
 Ewald error estimate:   0.3468E-03
 ------------------------------------------------------------------------------

 NMR restraints: Bond =    0.000   Angle =     0.000   Torsion =     0.000
===============================================================================

 NSTEP =     5000   TIME(PS) =      10.000  TEMP(K) =   156.68  PRESS =     0.0
 Etot   =     -5733.0403  EKtot   =       562.4498  EPtot      =     -6295.4902
 BOND   =         0.0000  ANGLE   =         0.0000  DIHED      =         0.0000
 1-4 NB =         0.0000  1-4 EEL =         0.0000  VDWAALS    =      1170.2194
 EELEC  =     -7465.7095  EHBOND  =         0.0000  RESTRAINT  =         0.0000
 Ewald error estimate:   0.1907E-03
 ------------------------------------------------------------------------------

 NMR restraints: Bond =    0.000   Angle =     0.000   Torsion =     0.000
===============================================================================

 NSTEP =     5100   TIME(PS) =      10.200  TEMP(K) =   160.86  PRESS =     0.0
 Etot   =     -5716.5044  EKtot   =       577.4765  EPtot      =     -6293.9809
 BOND   =         0.0000  ANGLE   =         0.0000  DIHED      =         0.0000
 1-4 NB =         0.0000  1-4 EEL =         0.0000  VDWAALS    =      1182.6297
 EELEC  =     -7476.6105  EHBOND  =         0.0000  RESTRAINT  =         0.0000
 Ewald error estimate:   0.3491E-03
 ------------------------------------------------------------------------------

 NMR restraints: Bond =    0.000   Angle =     0.000   Torsion =     0.000
===============================================================================

 NSTEP =     5200   TIME(PS) =      10.400  TEMP(K) =   160.77  PRESS =     0.0
 Etot   =     -5698.1709  EKtot   =       577.1503  EPtot      =     -6275.3212
 BOND   =         0.0000  ANGLE   =         0.0000  DIHED      =         0.0000
 1-4 NB =         0.0000  1-4 EEL =         0.0000  VDWAALS    =      1190.2171
 EELEC  =     -7465.5382  EHBOND  =         0.0000  RESTRAINT  =         0.0000
 Ewald error estimate:   0.3076E-03
 ------------------------------------------------------------------------------

 NMR restraints: Bond =    0.000   Angle =     0.000   Torsion =     0.000
===============================================================================

 NSTEP =     5300   TIME(PS) =      10.600  TEMP(K) =   166.06  PRESS =     0.0
 Etot   =     -5702.4792  EKtot   =       596.1169  EPtot      =     -6298.5961
 BOND   =         0.0000  ANGLE   =         0.0000  DIHED      =         0.0000
 1-4 NB =         0.0000  1-4 EEL =         0.0000  VDWAALS    =      1225.2396
 EELEC  =     -7523.8356  EHBOND  =         0.0000  RESTRAINT  =         0.0000
 Ewald error estimate:   0.1455E-03
 ------------------------------------------------------------------------------

 NMR restraints: Bond =    0.000   Angle =     0.000   Torsion =     0.000
===============================================================================

 NSTEP =     5400   TIME(PS) =      10.800  TEMP(K) =   163.12  PRESS =     0.0
 Etot   =     -5652.1682  EKtot   =       585.5625  EPtot      =     -6237.7307
 BOND   =         0.0000  ANGLE   =         0.0000  DIHED      =         0.0000
 1-4 NB =         0.0000  1-4 EEL =         0.0000  VDWAALS    =      1147.8198
 EELEC  =     -7385.5505  EHBOND  =         0.0000  RESTRAINT  =         0.0000
 Ewald error estimate:   0.5743E-03
 ------------------------------------------------------------------------------

 NMR restraints: Bond =    0.000   Angle =     0.000   Torsion =     0.000
===============================================================================

 NSTEP =     5500   TIME(PS) =      11.000  TEMP(K) =   170.29  PRESS =     0.0
 Etot   =     -5610.7101  EKtot   =       611.3188  EPtot      =     -6222.0289
 BOND   =         0.0000  ANGLE   =         0.0000  DIHED      =         0.0000
 1-4 NB =         0.0000  1-4 EEL =         0.0000  VDWAALS    =      1192.5474
 EELEC  =     -7414.5764  EHBOND  =         0.0000  RESTRAINT  =         0.0000
 Ewald error estimate:   0.1848E-03
 ------------------------------------------------------------------------------

 NMR restraints: Bond =    0.000   Angle =     0.000   Torsion =     0.000
===============================================================================

 NSTEP =     5600   TIME(PS) =      11.200  TEMP(K) =   174.20  PRESS =     0.0
 Etot   =     -5579.2036  EKtot   =       625.3429  EPtot      =     -6204.5465
 BOND   =         0.0000  ANGLE   =         0.0000  DIHED      =         0.0000
 1-4 NB =         0.0000  1-4 EEL =         0.0000  VDWAALS    =      1165.0786
 EELEC  =     -7369.6251  EHBOND  =         0.0000  RESTRAINT  =         0.0000
 Ewald error estimate:   0.2812E-03
 ------------------------------------------------------------------------------

 NMR restraints: Bond =    0.000   Angle =     0.000   Torsion =     0.000
===============================================================================

 NSTEP =     5700   TIME(PS) =      11.400  TEMP(K) =   182.73  PRESS =     0.0
 Etot   =     -5557.6380  EKtot   =       655.9779  EPtot      =     -6213.6160
 BOND   =         0.0000  ANGLE   =         0.0000  DIHED      =         0.0000
 1-4 NB =         0.0000  1-4 EEL =         0.0000  VDWAALS    =      1155.1755
 EELEC  =     -7368.7915  EHBOND  =         0.0000  RESTRAINT  =         0.0000
 Ewald error estimate:   0.2857E-03
 ------------------------------------------------------------------------------

 NMR restraints: Bond =    0.000   Angle =     0.000   Torsion =     0.000
===============================================================================

 NSTEP =     5800   TIME(PS) =      11.600  TEMP(K) =   192.49  PRESS =     0.0
 Etot   =     -5530.1759  EKtot   =       691.0283  EPtot      =     -6221.2042
 BOND   =         0.0000  ANGLE   =         0.0000  DIHED      =         0.0000
 1-4 NB =         0.0000  1-4 EEL =         0.0000  VDWAALS    =      1134.7175
 EELEC  =     -7355.9217  EHBOND  =         0.0000  RESTRAINT  =         0.0000
 Ewald error estimate:   0.1326E-03
 ------------------------------------------------------------------------------

 NMR restraints: Bond =    0.000   Angle =     0.000   Torsion =     0.000
===============================================================================

 NSTEP =     5900   TIME(PS) =      11.800  TEMP(K) =   191.94  PRESS =     0.0
 Etot   =     -5514.9140  EKtot   =       689.0492  EPtot      =     -6203.9633
 BOND   =         0.0000  ANGLE   =         0.0000  DIHED      =         0.0000
 1-4 NB =         0.0000  1-4 EEL =         0.0000  VDWAALS    =      1130.3282
 EELEC  =     -7334.2915  EHBOND  =         0.0000  RESTRAINT  =         0.0000
 Ewald error estimate:   0.2017E-03
 ------------------------------------------------------------------------------

 NMR restraints: Bond =    0.000   Angle =     0.000   Torsion =     0.000
===============================================================================

 NSTEP =     6000   TIME(PS) =      12.000  TEMP(K) =   189.53  PRESS =     0.0
 Etot   =     -5504.0264  EKtot   =       680.3921  EPtot      =     -6184.4186
 BOND   =         0.0000  ANGLE   =         0.0000  DIHED      =         0.0000
 1-4 NB =         0.0000  1-4 EEL =         0.0000  VDWAALS    =      1164.3161
 EELEC  =     -7348.7346  EHBOND  =         0.0000  RESTRAINT  =         0.0000
 Ewald error estimate:   0.7158E-04
 ------------------------------------------------------------------------------

 NMR restraints: Bond =    0.000   Angle =     0.000   Torsion =     0.000
===============================================================================

 NSTEP =     6100   TIME(PS) =      12.200  TEMP(K) =   186.10  PRESS =     0.0
 Etot   =     -5523.9791  EKtot   =       668.0693  EPtot      =     -6192.0484
 BOND   =         0.0000  ANGLE   =         0.0000  DIHED      =         0.0000
 1-4 NB =         0.0000  1-4 EEL =         0.0000  VDWAALS    =      1161.9606
 EELEC  =     -7354.0090  EHBOND  =         0.0000  RESTRAINT  =         0.0000
 Ewald error estimate:   0.2336E-03
 ------------------------------------------------------------------------------

 NMR restraints: Bond =    0.000   Angle =     0.000   Torsion =     0.000
===============================================================================

 NSTEP =     6200   TIME(PS) =      12.400  TEMP(K) =   192.96  PRESS =     0.0
 Etot   =     -5455.2414  EKtot   =       692.7151  EPtot      =     -6147.9565
 BOND   =         0.0000  ANGLE   =         0.0000  DIHED      =         0.0000
 1-4 NB =         0.0000  1-4 EEL =         0.0000  VDWAALS    =      1184.2629
 EELEC  =     -7332.2194  EHBOND  =         0.0000  RESTRAINT  =         0.0000
 Ewald error estimate:   0.3870E-03
 ------------------------------------------------------------------------------

 NMR restraints: Bond =    0.000   Angle =     0.000   Torsion =     0.000
===============================================================================

 NSTEP =     6300   TIME(PS) =      12.600  TEMP(K) =   195.57  PRESS =     0.0
 Etot   =     -5431.3606  EKtot   =       702.0671  EPtot      =     -6133.4276
 BOND   =         0.0000  ANGLE   =         0.0000  DIHED      =         0.0000
 1-4 NB =         0.0000  1-4 EEL =         0.0000  VDWAALS    =      1120.1066
 EELEC  =     -7253.5343  EHBOND  =         0.0000  RESTRAINT  =         0.0000
 Ewald error estimate:   0.2663E-03
 ------------------------------------------------------------------------------

 NMR restraints: Bond =    0.000   Angle =     0.000   Torsion =     0.000
===============================================================================

 NSTEP =     6400   TIME(PS) =      12.800  TEMP(K) =   202.88  PRESS =     0.0
 Etot   =     -5375.8661  EKtot   =       728.3159  EPtot      =     -6104.1820
 BOND   =         0.0000  ANGLE   =         0.0000  DIHED      =         0.0000
 1-4 NB =         0.0000  1-4 EEL =         0.0000  VDWAALS    =      1142.0751
 EELEC  =     -7246.2571  EHBOND  =         0.0000  RESTRAINT  =         0.0000
 Ewald error estimate:   0.1969E-03
 ------------------------------------------------------------------------------

 NMR restraints: Bond =    0.000   Angle =     0.000   Torsion =     0.000
===============================================================================

 NSTEP =     6500   TIME(PS) =      13.000  TEMP(K) =   207.48  PRESS =     0.0
 Etot   =     -5305.2363  EKtot   =       744.8344  EPtot      =     -6050.0707
 BOND   =         0.0000  ANGLE   =         0.0000  DIHED      =         0.0000
 1-4 NB =         0.0000  1-4 EEL =         0.0000  VDWAALS    =      1120.1419
 EELEC  =     -7170.2126  EHBOND  =         0.0000  RESTRAINT  =         0.0000
 Ewald error estimate:   0.3428E-03
 ------------------------------------------------------------------------------

 NMR restraints: Bond =    0.000   Angle =     0.000   Torsion =     0.000
===============================================================================

 NSTEP =     6600   TIME(PS) =      13.200  TEMP(K) =   215.46  PRESS =     0.0
 Etot   =     -5260.7341  EKtot   =       773.4837  EPtot      =     -6034.2178
 BOND   =         0.0000  ANGLE   =         0.0000  DIHED      =         0.0000
 1-4 NB =         0.0000  1-4 EEL =         0.0000  VDWAALS    =      1111.5446
 EELEC  =     -7145.7624  EHBOND  =         0.0000  RESTRAINT  =         0.0000
 Ewald error estimate:   0.2765E-03
 ------------------------------------------------------------------------------

 NMR restraints: Bond =    0.000   Angle =     0.000   Torsion =     0.000
===============================================================================

 NSTEP =     6700   TIME(PS) =      13.400  TEMP(K) =   212.00  PRESS =     0.0
 Etot   =     -5271.7057  EKtot   =       761.0675  EPtot      =     -6032.7732
 BOND   =         0.0000  ANGLE   =         0.0000  DIHED      =         0.0000
 1-4 NB =         0.0000  1-4 EEL =         0.0000  VDWAALS    =      1048.2849
 EELEC  =     -7081.0581  EHBOND  =         0.0000  RESTRAINT  =         0.0000
 Ewald error estimate:   0.5136E-04
 ------------------------------------------------------------------------------

 NMR restraints: Bond =    0.000   Angle =     0.000   Torsion =     0.000
===============================================================================

 NSTEP =     6800   TIME(PS) =      13.600  TEMP(K) =   214.24  PRESS =     0.0
 Etot   =     -5219.2485  EKtot   =       769.1016  EPtot      =     -5988.3501
 BOND   =         0.0000  ANGLE   =         0.0000  DIHED      =         0.0000
 1-4 NB =         0.0000  1-4 EEL =         0.0000  VDWAALS    =      1055.3728
 EELEC  =     -7043.7229  EHBOND  =         0.0000  RESTRAINT  =         0.0000
 Ewald error estimate:   0.4754E-04
 ------------------------------------------------------------------------------

 NMR restraints: Bond =    0.000   Angle =     0.000   Torsion =     0.000
===============================================================================

 NSTEP =     6900   TIME(PS) =      13.800  TEMP(K) =   219.35  PRESS =     0.0
 Etot   =     -5200.9829  EKtot   =       787.4184  EPtot      =     -5988.4013
 BOND   =         0.0000  ANGLE   =         0.0000  DIHED      =         0.0000
 1-4 NB =         0.0000  1-4 EEL =         0.0000  VDWAALS    =      1034.6209
 EELEC  =     -7023.0222  EHBOND  =         0.0000  RESTRAINT  =         0.0000
 Ewald error estimate:   0.4325E-03
 ------------------------------------------------------------------------------

 NMR restraints: Bond =    0.000   Angle =     0.000   Torsion =     0.000
===============================================================================

 NSTEP =     7000   TIME(PS) =      14.000  TEMP(K) =   224.87  PRESS =     0.0
 Etot   =     -5146.4503  EKtot   =       807.2425  EPtot      =     -5953.6928
 BOND   =         0.0000  ANGLE   =         0.0000  DIHED      =         0.0000
 1-4 NB =         0.0000  1-4 EEL =         0.0000  VDWAALS    =      1031.1679
 EELEC  =     -6984.8607  EHBOND  =         0.0000  RESTRAINT  =         0.0000
 Ewald error estimate:   0.1544E-03
 ------------------------------------------------------------------------------

 NMR restraints: Bond =    0.000   Angle =     0.000   Torsion =     0.000
===============================================================================

 NSTEP =     7100   TIME(PS) =      14.200  TEMP(K) =   224.63  PRESS =     0.0
 Etot   =     -5127.5484  EKtot   =       806.3754  EPtot      =     -5933.9238
 BOND   =         0.0000  ANGLE   =         0.0000  DIHED      =         0.0000
 1-4 NB =         0.0000  1-4 EEL =         0.0000  VDWAALS    =      1044.6717
 EELEC  =     -6978.5955  EHBOND  =         0.0000  RESTRAINT  =         0.0000
 Ewald error estimate:   0.3385E-03
 ------------------------------------------------------------------------------

 NMR restraints: Bond =    0.000   Angle =     0.000   Torsion =     0.000
===============================================================================

 NSTEP =     7200   TIME(PS) =      14.400  TEMP(K) =   239.63  PRESS =     0.0
 Etot   =     -5082.0997  EKtot   =       860.2375  EPtot      =     -5942.3371
 BOND   =         0.0000  ANGLE   =         0.0000  DIHED      =         0.0000
 1-4 NB =         0.0000  1-4 EEL =         0.0000  VDWAALS    =      1026.0369
 EELEC  =     -6968.3740  EHBOND  =         0.0000  RESTRAINT  =         0.0000
 Ewald error estimate:   0.1031E-03
 ------------------------------------------------------------------------------

 NMR restraints: Bond =    0.000   Angle =     0.000   Torsion =     0.000
===============================================================================

 NSTEP =     7300   TIME(PS) =      14.600  TEMP(K) =   243.61  PRESS =     0.0
 Etot   =     -5014.7569  EKtot   =       874.5232  EPtot      =     -5889.2801
 BOND   =         0.0000  ANGLE   =         0.0000  DIHED      =         0.0000
 1-4 NB =         0.0000  1-4 EEL =         0.0000  VDWAALS    =      1090.8531
 EELEC  =     -6980.1332  EHBOND  =         0.0000  RESTRAINT  =         0.0000
 Ewald error estimate:   0.1458E-03
 ------------------------------------------------------------------------------

 NMR restraints: Bond =    0.000   Angle =     0.000   Torsion =     0.000
===============================================================================

 NSTEP =     7400   TIME(PS) =      14.800  TEMP(K) =   242.68  PRESS =     0.0
 Etot   =     -5007.7367  EKtot   =       871.1720  EPtot      =     -5878.9087
 BOND   =         0.0000  ANGLE   =         0.0000  DIHED      =         0.0000
 1-4 NB =         0.0000  1-4 EEL =         0.0000  VDWAALS    =       978.2757
 EELEC  =     -6857.1843  EHBOND  =         0.0000  RESTRAINT  =         0.0000
 Ewald error estimate:   0.3629E-03
 ------------------------------------------------------------------------------

 NMR restraints: Bond =    0.000   Angle =     0.000   Torsion =     0.000
===============================================================================

 NSTEP =     7500   TIME(PS) =      15.000  TEMP(K) =   245.19  PRESS =     0.0
 Etot   =     -4943.4546  EKtot   =       880.1909  EPtot      =     -5823.6455
 BOND   =         0.0000  ANGLE   =         0.0000  DIHED      =         0.0000
 1-4 NB =         0.0000  1-4 EEL =         0.0000  VDWAALS    =      1023.0649
 EELEC  =     -6846.7104  EHBOND  =         0.0000  RESTRAINT  =         0.0000
 Ewald error estimate:   0.2144E-03
 ------------------------------------------------------------------------------

 NMR restraints: Bond =    0.000   Angle =     0.000   Torsion =     0.000
===============================================================================

 NSTEP =     7600   TIME(PS) =      15.200  TEMP(K) =   231.77  PRESS =     0.0
 Etot   =     -4977.1759  EKtot   =       832.0069  EPtot      =     -5809.1827
 BOND   =         0.0000  ANGLE   =         0.0000  DIHED      =         0.0000
 1-4 NB =         0.0000  1-4 EEL =         0.0000  VDWAALS    =      1039.7037
 EELEC  =     -6848.8865  EHBOND  =         0.0000  RESTRAINT  =         0.0000
 Ewald error estimate:   0.1226E-04
 ------------------------------------------------------------------------------

 NMR restraints: Bond =    0.000   Angle =     0.000   Torsion =     0.000
===============================================================================

 NSTEP =     7700   TIME(PS) =      15.400  TEMP(K) =   245.45  PRESS =     0.0
 Etot   =     -4941.9841  EKtot   =       881.1467  EPtot      =     -5823.1308
 BOND   =         0.0000  ANGLE   =         0.0000  DIHED      =         0.0000
 1-4 NB =         0.0000  1-4 EEL =         0.0000  VDWAALS    =      1033.1072
 EELEC  =     -6856.2380  EHBOND  =         0.0000  RESTRAINT  =         0.0000
 Ewald error estimate:   0.3626E-03
 ------------------------------------------------------------------------------

 NMR restraints: Bond =    0.000   Angle =     0.000   Torsion =     0.000
===============================================================================

 NSTEP =     7800   TIME(PS) =      15.600  TEMP(K) =   254.27  PRESS =     0.0
 Etot   =     -4893.4950  EKtot   =       912.7818  EPtot      =     -5806.2768
 BOND   =         0.0000  ANGLE   =         0.0000  DIHED      =         0.0000
 1-4 NB =         0.0000  1-4 EEL =         0.0000  VDWAALS    =       994.1072
 EELEC  =     -6800.3840  EHBOND  =         0.0000  RESTRAINT  =         0.0000
 Ewald error estimate:   0.1842E-03
 ------------------------------------------------------------------------------

 NMR restraints: Bond =    0.000   Angle =     0.000   Torsion =     0.000
===============================================================================

 NSTEP =     7900   TIME(PS) =      15.800  TEMP(K) =   256.52  PRESS =     0.0
 Etot   =     -4879.4233  EKtot   =       920.8794  EPtot      =     -5800.3026
 BOND   =         0.0000  ANGLE   =         0.0000  DIHED      =         0.0000
 1-4 NB =         0.0000  1-4 EEL =         0.0000  VDWAALS    =       939.3227
 EELEC  =     -6739.6254  EHBOND  =         0.0000  RESTRAINT  =         0.0000
 Ewald error estimate:   0.3917E-03
 ------------------------------------------------------------------------------

 NMR restraints: Bond =    0.000   Angle =     0.000   Torsion =     0.000
===============================================================================

 NSTEP =     8000   TIME(PS) =      16.000  TEMP(K) =   258.06  PRESS =     0.0
 Etot   =     -4832.3675  EKtot   =       926.3892  EPtot      =     -5758.7567
 BOND   =         0.0000  ANGLE   =         0.0000  DIHED      =         0.0000
 1-4 NB =         0.0000  1-4 EEL =         0.0000  VDWAALS    =       983.7684
 EELEC  =     -6742.5251  EHBOND  =         0.0000  RESTRAINT  =         0.0000
 Ewald error estimate:   0.1427E-03
 ------------------------------------------------------------------------------

 NMR restraints: Bond =    0.000   Angle =     0.000   Torsion =     0.000
===============================================================================

 NSTEP =     8100   TIME(PS) =      16.200  TEMP(K) =   266.84  PRESS =     0.0
 Etot   =     -4808.7682  EKtot   =       957.9031  EPtot      =     -5766.6712
 BOND   =         0.0000  ANGLE   =         0.0000  DIHED      =         0.0000
 1-4 NB =         0.0000  1-4 EEL =         0.0000  VDWAALS    =      1016.3949
 EELEC  =     -6783.0662  EHBOND  =         0.0000  RESTRAINT  =         0.0000
 Ewald error estimate:   0.1713E-04
 ------------------------------------------------------------------------------

 NMR restraints: Bond =    0.000   Angle =     0.000   Torsion =     0.000
===============================================================================

 NSTEP =     8200   TIME(PS) =      16.400  TEMP(K) =   268.26  PRESS =     0.0
 Etot   =     -4763.1477  EKtot   =       963.0032  EPtot      =     -5726.1509
 BOND   =         0.0000  ANGLE   =         0.0000  DIHED      =         0.0000
 1-4 NB =         0.0000  1-4 EEL =         0.0000  VDWAALS    =       957.4119
 EELEC  =     -6683.5629  EHBOND  =         0.0000  RESTRAINT  =         0.0000
 Ewald error estimate:   0.1351E-03
 ------------------------------------------------------------------------------

 NMR restraints: Bond =    0.000   Angle =     0.000   Torsion =     0.000
===============================================================================

 NSTEP =     8300   TIME(PS) =      16.600  TEMP(K) =   265.16  PRESS =     0.0
 Etot   =     -4758.7000  EKtot   =       951.8947  EPtot      =     -5710.5947
 BOND   =         0.0000  ANGLE   =         0.0000  DIHED      =         0.0000
 1-4 NB =         0.0000  1-4 EEL =         0.0000  VDWAALS    =       932.7645
 EELEC  =     -6643.3592  EHBOND  =         0.0000  RESTRAINT  =         0.0000
 Ewald error estimate:   0.6286E-04
 ------------------------------------------------------------------------------

 NMR restraints: Bond =    0.000   Angle =     0.000   Torsion =     0.000
===============================================================================

 NSTEP =     8400   TIME(PS) =      16.800  TEMP(K) =   270.85  PRESS =     0.0
 Etot   =     -4738.1392  EKtot   =       972.3259  EPtot      =     -5710.4651
 BOND   =         0.0000  ANGLE   =         0.0000  DIHED      =         0.0000
 1-4 NB =         0.0000  1-4 EEL =         0.0000  VDWAALS    =       938.0236
 EELEC  =     -6648.4887  EHBOND  =         0.0000  RESTRAINT  =         0.0000
 Ewald error estimate:   0.3516E-04
 ------------------------------------------------------------------------------

 NMR restraints: Bond =    0.000   Angle =     0.000   Torsion =     0.000
===============================================================================

 NSTEP =     8500   TIME(PS) =      17.000  TEMP(K) =   271.63  PRESS =     0.0
 Etot   =     -4675.6388  EKtot   =       975.1167  EPtot      =     -5650.7554
 BOND   =         0.0000  ANGLE   =         0.0000  DIHED      =         0.0000
 1-4 NB =         0.0000  1-4 EEL =         0.0000  VDWAALS    =       941.4299
 EELEC  =     -6592.1854  EHBOND  =         0.0000  RESTRAINT  =         0.0000
 Ewald error estimate:   0.6489E-03
 ------------------------------------------------------------------------------

 NMR restraints: Bond =    0.000   Angle =     0.000   Torsion =     0.000
===============================================================================

 NSTEP =     8600   TIME(PS) =      17.200  TEMP(K) =   276.02  PRESS =     0.0
 Etot   =     -4650.8365  EKtot   =       990.8824  EPtot      =     -5641.7189
 BOND   =         0.0000  ANGLE   =         0.0000  DIHED      =         0.0000
 1-4 NB =         0.0000  1-4 EEL =         0.0000  VDWAALS    =       948.8375
 EELEC  =     -6590.5564  EHBOND  =         0.0000  RESTRAINT  =         0.0000
 Ewald error estimate:   0.2442E-04
 ------------------------------------------------------------------------------

 NMR restraints: Bond =    0.000   Angle =     0.000   Torsion =     0.000
===============================================================================

 NSTEP =     8700   TIME(PS) =      17.400  TEMP(K) =   280.56  PRESS =     0.0
 Etot   =     -4594.1071  EKtot   =      1007.1881  EPtot      =     -5601.2952
 BOND   =         0.0000  ANGLE   =         0.0000  DIHED      =         0.0000
 1-4 NB =         0.0000  1-4 EEL =         0.0000  VDWAALS    =       889.4816
 EELEC  =     -6490.7769  EHBOND  =         0.0000  RESTRAINT  =         0.0000
 Ewald error estimate:   0.4287E-03
 ------------------------------------------------------------------------------

 NMR restraints: Bond =    0.000   Angle =     0.000   Torsion =     0.000
===============================================================================

 NSTEP =     8800   TIME(PS) =      17.600  TEMP(K) =   286.57  PRESS =     0.0
 Etot   =     -4540.5583  EKtot   =      1028.7541  EPtot      =     -5569.3124
 BOND   =         0.0000  ANGLE   =         0.0000  DIHED      =         0.0000
 1-4 NB =         0.0000  1-4 EEL =         0.0000  VDWAALS    =       941.0408
 EELEC  =     -6510.3531  EHBOND  =         0.0000  RESTRAINT  =         0.0000
 Ewald error estimate:   0.1802E-03
 ------------------------------------------------------------------------------

 NMR restraints: Bond =    0.000   Angle =     0.000   Torsion =     0.000
===============================================================================

 NSTEP =     8900   TIME(PS) =      17.800  TEMP(K) =   294.27  PRESS =     0.0
 Etot   =     -4504.3536  EKtot   =      1056.3711  EPtot      =     -5560.7248
 BOND   =         0.0000  ANGLE   =         0.0000  DIHED      =         0.0000
 1-4 NB =         0.0000  1-4 EEL =         0.0000  VDWAALS    =       977.1503
 EELEC  =     -6537.8751  EHBOND  =         0.0000  RESTRAINT  =         0.0000
 Ewald error estimate:   0.2746E-03
 ------------------------------------------------------------------------------

 NMR restraints: Bond =    0.000   Angle =     0.000   Torsion =     0.000
===============================================================================

 NSTEP =     9000   TIME(PS) =      18.000  TEMP(K) =   294.78  PRESS =     0.0
 Etot   =     -4509.0145  EKtot   =      1058.2247  EPtot      =     -5567.2392
 BOND   =         0.0000  ANGLE   =         0.0000  DIHED      =         0.0000
 1-4 NB =         0.0000  1-4 EEL =         0.0000  VDWAALS    =       893.5684
 EELEC  =     -6460.8076  EHBOND  =         0.0000  RESTRAINT  =         0.0000
 Ewald error estimate:   0.3828E-03
 ------------------------------------------------------------------------------

 NMR restraints: Bond =    0.000   Angle =     0.000   Torsion =     0.000
===============================================================================

 NSTEP =     9100   TIME(PS) =      18.200  TEMP(K) =   298.88  PRESS =     0.0
 Etot   =     -4448.5850  EKtot   =      1072.9453  EPtot      =     -5521.5303
 BOND   =         0.0000  ANGLE   =         0.0000  DIHED      =         0.0000
 1-4 NB =         0.0000  1-4 EEL =         0.0000  VDWAALS    =       839.5836
 EELEC  =     -6361.1138  EHBOND  =         0.0000  RESTRAINT  =         0.0000
 Ewald error estimate:   0.4558E-03
 ------------------------------------------------------------------------------

 NMR restraints: Bond =    0.000   Angle =     0.000   Torsion =     0.000
===============================================================================

 NSTEP =     9200   TIME(PS) =      18.400  TEMP(K) =   304.14  PRESS =     0.0
 Etot   =     -4396.4171  EKtot   =      1091.8067  EPtot      =     -5488.2238
 BOND   =         0.0000  ANGLE   =         0.0000  DIHED      =         0.0000
 1-4 NB =         0.0000  1-4 EEL =         0.0000  VDWAALS    =       818.8665
 EELEC  =     -6307.0903  EHBOND  =         0.0000  RESTRAINT  =         0.0000
 Ewald error estimate:   0.3569E-03
 ------------------------------------------------------------------------------

 NMR restraints: Bond =    0.000   Angle =     0.000   Torsion =     0.000
===============================================================================

 NSTEP =     9300   TIME(PS) =      18.600  TEMP(K) =   287.25  PRESS =     0.0
 Etot   =     -4417.3046  EKtot   =      1031.1746  EPtot      =     -5448.4792
 BOND   =         0.0000  ANGLE   =         0.0000  DIHED      =         0.0000
 1-4 NB =         0.0000  1-4 EEL =         0.0000  VDWAALS    =       853.6474
 EELEC  =     -6302.1266  EHBOND  =         0.0000  RESTRAINT  =         0.0000
 Ewald error estimate:   0.3515E-03
 ------------------------------------------------------------------------------

 NMR restraints: Bond =    0.000   Angle =     0.000   Torsion =     0.000
===============================================================================

 NSTEP =     9400   TIME(PS) =      18.800  TEMP(K) =   297.30  PRESS =     0.0
 Etot   =     -4453.6443  EKtot   =      1067.2693  EPtot      =     -5520.9136
 BOND   =         0.0000  ANGLE   =         0.0000  DIHED      =         0.0000
 1-4 NB =         0.0000  1-4 EEL =         0.0000  VDWAALS    =       861.8735
 EELEC  =     -6382.7871  EHBOND  =         0.0000  RESTRAINT  =         0.0000
 Ewald error estimate:   0.7199E-04
 ------------------------------------------------------------------------------

 NMR restraints: Bond =    0.000   Angle =     0.000   Torsion =     0.000
===============================================================================

 NSTEP =     9500   TIME(PS) =      19.000  TEMP(K) =   302.93  PRESS =     0.0
 Etot   =     -4405.2459  EKtot   =      1087.4912  EPtot      =     -5492.7372
 BOND   =         0.0000  ANGLE   =         0.0000  DIHED      =         0.0000
 1-4 NB =         0.0000  1-4 EEL =         0.0000  VDWAALS    =       853.4559
 EELEC  =     -6346.1930  EHBOND  =         0.0000  RESTRAINT  =         0.0000
 Ewald error estimate:   0.1461E-03
 ------------------------------------------------------------------------------

 NMR restraints: Bond =    0.000   Angle =     0.000   Torsion =     0.000
===============================================================================

 NSTEP =     9600   TIME(PS) =      19.200  TEMP(K) =   298.44  PRESS =     0.0
 Etot   =     -4354.4836  EKtot   =      1071.3561  EPtot      =     -5425.8397
 BOND   =         0.0000  ANGLE   =         0.0000  DIHED      =         0.0000
 1-4 NB =         0.0000  1-4 EEL =         0.0000  VDWAALS    =       835.5438
 EELEC  =     -6261.3835  EHBOND  =         0.0000  RESTRAINT  =         0.0000
 Ewald error estimate:   0.2494E-03
 ------------------------------------------------------------------------------

 NMR restraints: Bond =    0.000   Angle =     0.000   Torsion =     0.000
===============================================================================

 NSTEP =     9700   TIME(PS) =      19.400  TEMP(K) =   303.82  PRESS =     0.0
 Etot   =     -4310.6637  EKtot   =      1090.6702  EPtot      =     -5401.3338
 BOND   =         0.0000  ANGLE   =         0.0000  DIHED      =         0.0000
 1-4 NB =         0.0000  1-4 EEL =         0.0000  VDWAALS    =       938.9210
 EELEC  =     -6340.2548  EHBOND  =         0.0000  RESTRAINT  =         0.0000
 Ewald error estimate:   0.2718E-03
 ------------------------------------------------------------------------------

 NMR restraints: Bond =    0.000   Angle =     0.000   Torsion =     0.000
===============================================================================

 NSTEP =     9800   TIME(PS) =      19.600  TEMP(K) =   289.78  PRESS =     0.0
 Etot   =     -4328.5068  EKtot   =      1040.2782  EPtot      =     -5368.7850
 BOND   =         0.0000  ANGLE   =         0.0000  DIHED      =         0.0000
 1-4 NB =         0.0000  1-4 EEL =         0.0000  VDWAALS    =       828.0899
 EELEC  =     -6196.8749  EHBOND  =         0.0000  RESTRAINT  =         0.0000
 Ewald error estimate:   0.9528E-04
 ------------------------------------------------------------------------------

 NMR restraints: Bond =    0.000   Angle =     0.000   Torsion =     0.000
===============================================================================

 NSTEP =     9900   TIME(PS) =      19.800  TEMP(K) =   309.76  PRESS =     0.0
 Etot   =     -4300.4686  EKtot   =      1111.9908  EPtot      =     -5412.4594
 BOND   =         0.0000  ANGLE   =         0.0000  DIHED      =         0.0000
 1-4 NB =         0.0000  1-4 EEL =         0.0000  VDWAALS    =       854.0388
 EELEC  =     -6266.4982  EHBOND  =         0.0000  RESTRAINT  =         0.0000
 Ewald error estimate:   0.3164E-03
 ------------------------------------------------------------------------------

 NMR restraints: Bond =    0.000   Angle =     0.000   Torsion =     0.000
===============================================================================

 NSTEP =    10000   TIME(PS) =      20.000  TEMP(K) =   295.48  PRESS =     0.0
 Etot   =     -4317.9736  EKtot   =      1060.7213  EPtot      =     -5378.6949
 BOND   =         0.0000  ANGLE   =         0.0000  DIHED      =         0.0000
 1-4 NB =         0.0000  1-4 EEL =         0.0000  VDWAALS    =       870.4616
 EELEC  =     -6249.1564  EHBOND  =         0.0000  RESTRAINT  =         0.0000
 Ewald error estimate:   0.1493E-03
 ------------------------------------------------------------------------------

 NMR restraints: Bond =    0.000   Angle =     0.000   Torsion =     0.000
===============================================================================

      A V E R A G E S   O V E R   10000 S T E P S


 NSTEP =    10000   TIME(PS) =      20.000  TEMP(K) =   157.55  PRESS =     0.0
 Etot   =     -5650.3656  EKtot   =       565.5705  EPtot      =     -6215.9361
 BOND   =         0.0000  ANGLE   =         0.0000  DIHED      =         0.0000
 1-4 NB =         0.0000  1-4 EEL =         0.0000  VDWAALS    =      1176.5182
 EELEC  =     -7392.4543  EHBOND  =         0.0000  RESTRAINT  =         0.0000
 Ewald error estimate:   0.3191E-03
 ------------------------------------------------------------------------------

 NMR restraints: Bond =    0.000   Angle =     0.000   Torsion =     0.000
===============================================================================

      R M S  F L U C T U A T I O N S


 NSTEP =    10000   TIME(PS) =      20.000  TEMP(K) =    92.71  PRESS =     0.0
 Etot   =       752.1116  EKtot   =       332.8316  EPtot      =       423.6629
 BOND   =         0.0000  ANGLE   =         0.0000  DIHED      =         0.0000
 1-4 NB =         0.0000  1-4 EEL =         0.0000  VDWAALS    =       181.6042
 EELEC  =       602.9189  EHBOND  =         0.0000  RESTRAINT  =         0.0000
 Ewald error estimate:   0.1925E-03
 ------------------------------------------------------------------------------


 NMR restraints on final step:


--------------------------------------------------------------------------------
   5.  TIMINGS
--------------------------------------------------------------------------------

|>>>>>>>>PROFILE of Average TIMES>>>>>>>>> 
|                Build the list             1.09 (95.62% of List )
|                Other                      0.05 ( 4.38% of List )
|             List time                  1.14 ( 4.67% of Nonbo)
|                   Short_ene time            12.99 (96.91% of Direc)
|                   Other                      0.41 ( 3.09% of Direc)
|                Direct Ewald time         13.40 (57.66% of Ewald)
|                Adjust Ewald time          0.12 ( 0.51% of Ewald)
|                   Fill Bspline coeffs        0.37 ( 7.10% of Recip)
|                   Fill charge grid           0.53 (10.07% of Recip)
|                   Scalar sum                 0.81 (15.54% of Recip)
|                   Grad sum                   1.03 (19.60% of Recip)
|                      FFT back comm time         0.23 (10.24% of FFT t)
|                      Other                      2.00 (89.76% of FFT t)
|                   FFT time                   2.22 (42.39% of Recip)
|                   Other                      0.28 ( 5.30% of Recip)
|                Recip Ewald time           5.24 (22.55% of Ewald)
|                Force Adjust               4.39 (18.88% of Ewald)
|                Virial junk                0.08 ( 0.36% of Ewald)
|                Other                      0.01 ( 0.03% of Ewald)
|             Ewald time                23.25 (95.32% of Nonbo)
|             Other                      0.00 ( 0.01% of Nonbo)
|          Nonbond force             24.39 (99.25% of Force)
|          Bond/Angle/Dihedral        0.00 ( 0.01% of Force)
|          FRC Collect time           0.13 ( 0.55% of Force)
|          Other                      0.05 ( 0.20% of Force)
|       Force time                24.57 (94.05% of Runmd)
|       Shake time                 0.17 ( 0.67% of Runmd)
|       Verlet update time         1.27 ( 4.86% of Runmd)
|       CRD distribute time        0.05 ( 0.18% of Runmd)
|       Other                      0.07 ( 0.25% of Runmd)
|    Runmd Time                26.13 (100.0% of Total)
|    Other                      0.02 ( 0.06% of Total)
| Total time                26.15 (100.0% of ALL  )

| Number of list builds   :        511

| Highest rstack allocated:      44926
| Highest istack allocated:        882

| Final Performance Info:
| -----------------------------------------------------
| Average timings for all steps:
|     Elapsed(s) =      26.13 Per Step(ms) =       2.61
|         ns/day =      66.13   seconds/ns =    1306.59
| -----------------------------------------------------

|           Job began  at 15:04:34.593  on 10/21/2021
|           Setup done at 15:04:34.608  on 10/21/2021
|           Run   done at 15:05:00.739  on 10/21/2021
|     wallclock() was called  551179 times

|3D-RISM memory allocation summary
|Type          Maximum        Current   
|Integer       0.00000 GB     0.00000 GB
|Real          0.00000 GB     0.00000 GB
|Logical       0.00000 GB     0.00000 GB
|Character     0.00000 GB     0.00000 GB
|---------------------------------------
|Total         0.00000 GB     0.00000 GB
