==========================================================================
| ACPYPE: AnteChamber PYthon Parser interfacE v. 2022.6.6 (c) 2023 AWSdS |
==========================================================================
DEBUG: CLI: -i but_qm.mol2 -a gaff -o all
DEBUG: Python Version 3.11.5 | packaged by conda-forge | (main, Aug 27 2023, 03:34:09) [GCC 12.3.0]
DEBUG: Max execution time tolerance is 3h
DEBUG: /home/emanuele/anaconda3/envs/gmx/bin/antechamber -dr no -i but_qm.mol2 -fi mol2 -o tmp -fo ac -pf y
DEBUG: 
Welcome to antechamber 22.0: molecular input file processor.

Info: The atom type is set to gaff; the options available to the -at flag are
 gaff, gaff2, amber, bcc, and sybyl.


DEBUG: setResNameCheckCoords done
WARNING: no charge value given, trying to guess one...
DEBUG: /home/emanuele/anaconda3/envs/gmx/bin/antechamber -dr no -i but_qm.mol2 -fi mol2 -o tmp -fo mol2 -c gas -pf n
DEBUG: /home/emanuele/anaconda3/envs/gmx/bin/antechamber -dr no -i tmp -fi mol2 -o tmp -fo mol2 -c wc -cf tmp.crg -pf n
DEBUG: ++++++++++start_quote+++++++++++++++++++++++++++++++++++++++++++++++++++++++++++
DEBUG: 
Welcome to antechamber 22.0: molecular input file processor.

Info: The atom type is set to gaff; the options available to the -at flag are
 gaff, gaff2, amber, bcc, and sybyl.


DEBUG: ++++++++++end_quote+++++++++++++++++++++++++++++++++++++++++++++++++++++++++++++
DEBUG: readMol2TotalCharge: 6.938893903907228e-18
DEBUG: Net charge drift '0.000000'
==> ... charge set to 0
==> Executing Antechamber...
DEBUG: /home/emanuele/anaconda3/envs/gmx/bin/antechamber -dr no -i but_qm.mol2 -fi mol2 -o but_qm_bcc_gaff.mol2 -fo mol2 -c bcc -nc 0 -m 1 -s 2 -df 2 -at gaff -pf n 
DEBUG: No file left to be removed
==> * Antechamber OK *
DEBUG: /home/emanuele/anaconda3/envs/gmx/bin/parmchk2 -i but_qm_bcc_gaff.mol2 -f mol2 -o but_qm_AC.frcmod
==> * Parmchk OK *
DEBUG: No crd or prm files left to be removed
==> Executing Tleap...
DEBUG: /home/emanuele/anaconda3/envs/gmx/bin/tleap -f tleap.in
DEBUG: ++++++++++start_quote+++++++++++++++++++++++++++++++++++++++++++++++++++++++++++
DEBUG: Checking 'UNL'....
Checking parameters for unit 'UNL'.
Checking for bond parameters.
Checking for angle parameters.
Unit is OK.
DEBUG: ++++++++++end_quote+++++++++++++++++++++++++++++++++++++++++++++++++++++++++++++
==> * Tleap OK *
==> Removing temporary files...
DEBUG: prmtop and inpcrd files loaded
DEBUG: basename defined = 'but_qm'
DEBUG: getCoords done
DEBUG: getABCOEFs done
DEBUG: charge to be balanced: total 0.0040020000
DEBUG: balanceCharges done
DEBUG: Balanced TotalCharge 0.0000000000
DEBUG: PBC = None
DEBUG: getAtoms done
DEBUG: getBonds done
DEBUG: getAngles done
DEBUG: getDihedrals done
==> Using OpenBabel v.3.1.0

==> Writing NEW PDB file

==> Writing CNS/XPLOR files

DEBUG: chiralGroups 0
==> Writing GROMACS files

==> Disambiguating lower and uppercase atomtypes in GMX top file, even if identical.

DEBUG: writing GRO file
DEBUG: Box size estimated
DEBUG: writing POSRE file
DEBUG: atomTypes 2
DEBUG: GMX atomtypes done
DEBUG: atoms 14
DEBUG: GMX atoms done
DEBUG: bonds 13
DEBUG: GMX bonds done
DEBUG: atomPairs 27
DEBUG: GMX pairs done
DEBUG: angles 24
DEBUG: GMX angles done
DEBUG: setProperDihedralsCoef done
DEBUG: properDihedralsCoefRB 27
DEBUG: properDihedralsAlphaGamma 0
DEBUG: properDihedralsGmx45 29
==> Writing GMX dihedrals for GMX 4.5 and higher.

DEBUG: GMX special proper dihedrals done
DEBUG: improperDihedrals 0
DEBUG: GMX improper dihedrals done
==> Writing CHARMM files

DEBUG: /home/emanuele/anaconda3/envs/gmx/bin/antechamber -dr no -i but_qm_bcc_gaff.mol2 -fi mol2 -o but_qm_CHARMM -fo charmm -s 2 -at gaff -pf n -rn UNL
DEBUG: ++++++++++start_quote+++++++++++++++++++++++++++++++++++++++++++++++++++++++++++
DEBUG: 
Welcome to antechamber 22.0: molecular input file processor.

Info: The atom type is set to gaff; the options available to the -at flag are
 gaff, gaff2, amber, bcc, and sybyl.

Info: Ignoring Mol2 record type (@<TRIPOS>SUBSTRUCTURE).
Info: Finished reading file (but_qm_bcc_gaff.mol2); atoms read (14), bonds read (13).
Info: Determining atomic numbers from atomic symbols which are case sensitive.
Running: /home/emanuele/anaconda3/envs/gmx/bin/bondtype -j full -i ANTECHAMBER_BOND_TYPE.AC0 -o ANTECHAMBER_BOND_TYPE.AC -f ac

Running: /home/emanuele/anaconda3/envs/gmx/bin/atomtype -i ANTECHAMBER_AC.AC0 -o ANTECHAMBER_AC.AC -p gaff

Running: /home/emanuele/anaconda3/envs/gmx/bin/atomtype -i ANTECHAMBER_PREP.AC0 -o ANTECHAMBER_PREP.AC -p gaff

Running: /home/emanuele/anaconda3/envs/gmx/bin/charmmgen -i ANTECHAMBER_PREP.AC -f ac -o but_qm_CHARMM -r UNL

DEBUG: ++++++++++end_quote+++++++++++++++++++++++++++++++++++++++++++++++++++++++++++++
==> Writing pickle file but_qm.pkl
==> Removing temporary files...
Total time of execution: 1s
DEBUG: No tmp folder left to be removed
