            --------------------------------------------------------
                             AMBER SQM VERSION 19
 
                                     By
              Ross C. Walker, Michael F. Crowley, Scott Brozell,
                         Tim Giese, Andreas W. Goetz,
                        Tai-Sung Lee and David A. Case
 
            --------------------------------------------------------
 

--------------------------------------------------------------------------------
  QM CALCULATION INFO
--------------------------------------------------------------------------------

| QMMM: Citation for AMBER QMMM Run:
| QMMM: R.C. Walker, M.F. Crowley and D.A. Case, J. COMP. CHEM. 29:1019, 2008

QMMM: SINGLET STATE CALCULATION
QMMM: RHF CALCULATION, NO. OF DOUBLY OCCUPIED LEVELS = 13

| QMMM: *** Selected Hamiltonian *** 
| QMMM: AM1         

| QMMM: *** Parameter sets in use ***
| QMMM: C : M.J.S.DEWAR et al. JACS, 107, 3902, (1985)
| QMMM: H : M.J.S.DEWAR et al. JACS, 107, 3902, (1985)

| QMMM: *** SCF convergence criteria ***
| QMMM: Energy change                :  0.1D-09 kcal/mol
| QMMM: Error matrix |FP-PF|         :  0.1D+00 au
| QMMM: Density matrix change        :  0.5D-06
| QMMM: Maximum number of SCF cycles :     1000

| QMMM: *** Diagonalization Routine Information ***
| QMMM: Pseudo diagonalizations are allowed.
| QMMM: Auto diagonalization routine selection is in use.
| QMMM:
| QMMM: Timing diagonalization routines:
| QMMM:                              norbs =       26
| QMMM:    diag iterations used for timing =       20
| QMMM:
| QMMM:              Internal diag routine = 0.002693 seconds
| QMMM:                 Dspev diag routine = 0.006767 seconds
| QMMM:                Dspevd diag routine = 0.005116 seconds
| QMMM:                Dspevx diag routine = 0.014810 seconds
| QMMM:                 Dsyev diag routine = 0.004311 seconds
| QMMM:                Dsyevd diag routine = 0.003816 seconds
| QMMM:                Dsyevr diag routine = 0.004944 seconds
| QMMM:
| QMMM:                Pseudo diag routine = 0.000827 seconds
| QMMM:
| QMMM: Using internal diagonalization routine (diag_routine=1).

  QMMM: QM Region Cartesian Coordinates (*=link atom) 
  QMMM: QM_NO.   MM_NO.  ATOM         X         Y         Z
  QMMM:     1        1      C       -2.4930    0.3490   -0.0100
  QMMM:     2        2      H       -2.1370   -0.6820   -0.0230
  QMMM:     3        3      H       -2.1460    0.8310   -0.9270
  QMMM:     4        4      H       -3.5850    0.3230   -0.0460
  QMMM:     5        5      C       -2.0000    1.0970    1.2270
  QMMM:     6        6      H       -0.9060    1.0770    1.2540
  QMMM:     7        7      H       -2.3340    0.5730    2.1280
  QMMM:     8        8      C       -2.4760    2.5490    1.2880
  QMMM:     9        9      H       -2.1420    3.0740    0.3870
  QMMM:    10       10      H       -3.5700    2.5690    1.2610
  QMMM:    11       11      C       -1.9830    3.2970    2.5250
  QMMM:    12       12      H       -0.8910    3.3230    2.5610
  QMMM:    13       13      H       -2.3390    4.3280    2.5380
  QMMM:    14       14      H       -2.3300    2.8150    3.4420

--------------------------------------------------------------------------------
  RESULTS
--------------------------------------------------------------------------------

      iter         sqm energy              rms gradient
      ----    -------------------    -----------------------
xmin    10      -31.2041 kcal/mol        0.0051 kcal/(mol*A)
  ... geometry converged !
 
 Final MO eigenvalues (eV):
 -36.2652  -30.7745  -24.3597  -21.5147  -16.1761  -14.7263  -14.5761  -13.9113
 -12.7086  -12.0845  -11.9839  -11.5210  -11.1718    3.8287    3.8931    4.3051
   4.3494    4.5164    4.7599    4.8577    4.8816    5.0958    5.1364    5.1946
   5.2658    5.3517

 Heat of formation   =        -31.20407411 kcal/mol  (       -1.35311019 eV)

 Total SCF energy    =     -15008.44620632 kcal/mol  (     -650.81506467 eV)
 Electronic energy   =     -56613.20570430 kcal/mol  (    -2454.93281750 eV)
 Core-core repulsion =      41604.75949798 kcal/mol  (     1804.11775283 eV)
 
    Atomic Charges for Step       1 :
  Atom    Element       Mulliken Charge
     1      C                 -0.210
     2      H                  0.071
     3      H                  0.072
     4      H                  0.072
     5      C                 -0.159
     6      H                  0.078
     7      H                  0.078
     8      C                 -0.159
     9      H                  0.078
    10      H                  0.078
    11      C                 -0.210
    12      H                  0.072
    13      H                  0.071
    14      H                  0.072
 Total Mulliken Charge =      -0.000
 
                  X        Y        Z     TOTAL  
  QM DIPOLE     0.000   -0.000    0.000    0.000
 
 Final Structure

  QMMM: QM Region Cartesian Coordinates (*=link atom) 
  QMMM: QM_NO.   MM_NO.  ATOM         X         Y         Z
  QMMM:     1        1      C       -2.4904    0.3830    0.0141
  QMMM:     2        2      H       -2.1213   -0.6709    0.0091
  QMMM:     3        3      H       -2.1288    0.8877   -0.9143
  QMMM:     4        4      H       -3.6069    0.3658   -0.0099
  QMMM:     5        5      C       -1.9956    1.1060    1.2399
  QMMM:     6        6      H       -0.8737    1.0916    1.2592
  QMMM:     7        7      H       -2.3477    0.5709    2.1613
  QMMM:     8        8      C       -2.4806    2.5401    1.2752
  QMMM:     9        9      H       -2.1287    3.0751    0.3537
  QMMM:    10       10      H       -3.6025    2.5545    1.2561
  QMMM:    11       11      C       -1.9855    3.2632    2.5008
  QMMM:    12       12      H       -0.8690    3.2805    2.5245
  QMMM:    13       13      H       -2.3547    4.3170    2.5060
  QMMM:    14       14      H       -2.3467    2.7584    3.4294

           --------- Calculation Completed ----------

